ERROR - 2021-07-13 20:37:35 --> Error connecting to the database: Access denied for user ''@'localhost' (using password: NO)
ERROR - 2021-07-13 20:40:38 --> Error connecting to the database: Access denied for user '****'@'localhost' (using password: YES)
CRITICAL - 2021-07-13 20:47:32 --> Invalid file: \App\Views\Auth\customLogin.php
#0 C:\xampp\htdocs\wms\vendor\codeigniter4\framework\system\View\View.php(213): CodeIgniter\Exceptions\FrameworkException::forInvalidFile('\\App\\Views\\Auth...')
#1 C:\xampp\htdocs\wms\vendor\codeigniter4\framework\system\Common.php(1271): CodeIgniter\View\View->render('\\App\\Views\\Auth...', Array, true)
#2 C:\xampp\htdocs\wms\vendor\myth\auth\src\Controllers\AuthController.php(429): view('\\App\\Views\\Auth...', Array)
#3 C:\xampp\htdocs\wms\vendor\myth\auth\src\Controllers\AuthController.php(57): Myth\Auth\Controllers\AuthController->_render('\\App\\Views\\Auth...', Array)
#4 C:\xampp\htdocs\wms\vendor\codeigniter4\framework\system\CodeIgniter.php(928): Myth\Auth\Controllers\AuthController->login()
#5 C:\xampp\htdocs\wms\vendor\codeigniter4\framework\system\CodeIgniter.php(436): CodeIgniter\CodeIgniter->runController(Object(Myth\Auth\Controllers\AuthController))
#6 C:\xampp\htdocs\wms\vendor\codeigniter4\framework\system\CodeIgniter.php(336): CodeIgniter\CodeIgniter->handleRequest(NULL, Object(Config\Cache), false)
#7 C:\xampp\htdocs\wms\public\index.php(37): CodeIgniter\CodeIgniter->run()
#8 {main}
CRITICAL - 2021-07-13 21:10:30 --> Class "App\Models\akunModel" not found
#0 C:\xampp\htdocs\wms\vendor\codeigniter4\framework\system\CodeIgniter.php(900): App\Controllers\Users->__construct()
#1 C:\xampp\htdocs\wms\vendor\codeigniter4\framework\system\CodeIgniter.php(426): CodeIgniter\CodeIgniter->createController()
#2 C:\xampp\htdocs\wms\vendor\codeigniter4\framework\system\CodeIgniter.php(336): CodeIgniter\CodeIgniter->handleRequest(NULL, Object(Config\Cache), false)
#3 C:\xampp\htdocs\wms\public\index.php(37): CodeIgniter\CodeIgniter->run()
#4 {main}
CRITICAL - 2021-07-13 22:40:53 --> Undefined variable $validation
#0 C:\xampp\htdocs\wms\app\Views\stokView\create.php(43): CodeIgniter\Debug\Exceptions->errorHandler(2, 'Undefined varia...', 'C:\\xampp\\htdocs...', 43)
#1 C:\xampp\htdocs\wms\vendor\codeigniter4\framework\system\View\View.php(230): include('C:\\xampp\\htdocs...')
#2 C:\xampp\htdocs\wms\vendor\codeigniter4\framework\system\View\View.php(232): CodeIgniter\View\View->CodeIgniter\View\{closure}()
#3 C:\xampp\htdocs\wms\vendor\codeigniter4\framework\system\Common.php(1271): CodeIgniter\View\View->render('stokView/create', Array, true)
#4 C:\xampp\htdocs\wms\app\Controllers\Stok.php(31): view('stokView/create', Array)
#5 C:\xampp\htdocs\wms\vendor\codeigniter4\framework\system\CodeIgniter.php(928): App\Controllers\Stok->create()
#6 C:\xampp\htdocs\wms\vendor\codeigniter4\framework\system\CodeIgniter.php(436): CodeIgniter\CodeIgniter->runController(Object(App\Controllers\Stok))
#7 C:\xampp\htdocs\wms\vendor\codeigniter4\framework\system\CodeIgniter.php(336): CodeIgniter\CodeIgniter->handleRequest(NULL, Object(Config\Cache), false)
#8 C:\xampp\htdocs\wms\public\index.php(37): CodeIgniter\CodeIgniter->run()
#9 {main}
ERROR - 2021-07-13 23:07:18 --> Unknown column 'created_at' in 'field list'
CRITICAL - 2021-07-13 23:07:18 --> Unknown column 'created_at' in 'field list'
#0 C:\xampp\htdocs\wms\vendor\codeigniter4\framework\system\Database\MySQLi\Connection.php(329): mysqli->query('INSERT INTO `st...')
#1 C:\xampp\htdocs\wms\vendor\codeigniter4\framework\system\Database\BaseConnection.php(732): CodeIgniter\Database\MySQLi\Connection->execute('INSERT INTO `st...')
#2 C:\xampp\htdocs\wms\vendor\codeigniter4\framework\system\Database\BaseConnection.php(647): CodeIgniter\Database\BaseConnection->simpleQuery('INSERT INTO `st...')
#3 C:\xampp\htdocs\wms\vendor\codeigniter4\framework\system\Database\BaseBuilder.php(2277): CodeIgniter\Database\BaseConnection->query('INSERT INTO `st...', Array, false)
#4 C:\xampp\htdocs\wms\vendor\codeigniter4\framework\system\Model.php(259): CodeIgniter\Database\BaseBuilder->insert()
#5 C:\xampp\htdocs\wms\vendor\codeigniter4\framework\system\BaseModel.php(774): CodeIgniter\Model->doInsert(Array)
#6 C:\xampp\htdocs\wms\vendor\codeigniter4\framework\system\Model.php(686): CodeIgniter\BaseModel->insert(Array, false)
#7 C:\xampp\htdocs\wms\vendor\codeigniter4\framework\system\BaseModel.php(687): CodeIgniter\Model->insert(Array, false)
#8 C:\xampp\htdocs\wms\app\Models\stokModel.php(22): CodeIgniter\BaseModel->save(Array)
#9 C:\xampp\htdocs\wms\app\Controllers\Stok.php(56): App\Models\stokModel->inputStock(Array)
#10 C:\xampp\htdocs\wms\vendor\codeigniter4\framework\system\CodeIgniter.php(928): App\Controllers\Stok->save()
#11 C:\xampp\htdocs\wms\vendor\codeigniter4\framework\system\CodeIgniter.php(436): CodeIgniter\CodeIgniter->runController(Object(App\Controllers\Stok))
#12 C:\xampp\htdocs\wms\vendor\codeigniter4\framework\system\CodeIgniter.php(336): CodeIgniter\CodeIgniter->handleRequest(NULL, Object(Config\Cache), false)
#13 C:\xampp\htdocs\wms\public\index.php(37): CodeIgniter\CodeIgniter->run()
#14 {main}
CRITICAL - 2021-07-13 23:28:30 --> Too few arguments to function App\Controllers\Stok::edit(), 0 passed in C:\xampp\htdocs\wms\vendor\codeigniter4\framework\system\CodeIgniter.php on line 928 and exactly 1 expected
#0 C:\xampp\htdocs\wms\vendor\codeigniter4\framework\system\CodeIgniter.php(928): App\Controllers\Stok->edit()
#1 C:\xampp\htdocs\wms\vendor\codeigniter4\framework\system\CodeIgniter.php(436): CodeIgniter\CodeIgniter->runController(Object(App\Controllers\Stok))
#2 C:\xampp\htdocs\wms\vendor\codeigniter4\framework\system\CodeIgniter.php(336): CodeIgniter\CodeIgniter->handleRequest(NULL, Object(Config\Cache), false)
#3 C:\xampp\htdocs\wms\public\index.php(37): CodeIgniter\CodeIgniter->run()
#4 {main}
CRITICAL - 2021-07-13 23:31:18 --> Too few arguments to function App\Controllers\Stok::edit(), 0 passed in C:\xampp\htdocs\wms\vendor\codeigniter4\framework\system\CodeIgniter.php on line 928 and exactly 1 expected
#0 C:\xampp\htdocs\wms\vendor\codeigniter4\framework\system\CodeIgniter.php(928): App\Controllers\Stok->edit()
#1 C:\xampp\htdocs\wms\vendor\codeigniter4\framework\system\CodeIgniter.php(436): CodeIgniter\CodeIgniter->runController(Object(App\Controllers\Stok))
#2 C:\xampp\htdocs\wms\vendor\codeigniter4\framework\system\CodeIgniter.php(336): CodeIgniter\CodeIgniter->handleRequest(NULL, Object(Config\Cache), false)
#3 C:\xampp\htdocs\wms\public\index.php(37): CodeIgniter\CodeIgniter->run()
#4 {main}
CRITICAL - 2021-07-13 23:31:45 --> Too few arguments to function App\Controllers\Stok::edit(), 0 passed in C:\xampp\htdocs\wms\vendor\codeigniter4\framework\system\CodeIgniter.php on line 928 and exactly 1 expected
#0 C:\xampp\htdocs\wms\vendor\codeigniter4\framework\system\CodeIgniter.php(928): App\Controllers\Stok->edit()
#1 C:\xampp\htdocs\wms\vendor\codeigniter4\framework\system\CodeIgniter.php(436): CodeIgniter\CodeIgniter->runController(Object(App\Controllers\Stok))
#2 C:\xampp\htdocs\wms\vendor\codeigniter4\framework\system\CodeIgniter.php(336): CodeIgniter\CodeIgniter->handleRequest(NULL, Object(Config\Cache), false)
#3 C:\xampp\htdocs\wms\public\index.php(37): CodeIgniter\CodeIgniter->run()
#4 {main}
CRITICAL - 2021-07-13 23:32:52 --> Call to a member function getWhere() on null
#0 C:\xampp\htdocs\wms\app\Controllers\Stok.php(72): App\Models\stokModel->getStockbyid('2')
#1 C:\xampp\htdocs\wms\vendor\codeigniter4\framework\system\CodeIgniter.php(928): App\Controllers\Stok->edit('2')
#2 C:\xampp\htdocs\wms\vendor\codeigniter4\framework\system\CodeIgniter.php(436): CodeIgniter\CodeIgniter->runController(Object(App\Controllers\Stok))
#3 C:\xampp\htdocs\wms\vendor\codeigniter4\framework\system\CodeIgniter.php(336): CodeIgniter\CodeIgniter->handleRequest(NULL, Object(Config\Cache), false)
#4 C:\xampp\htdocs\wms\public\index.php(37): CodeIgniter\CodeIgniter->run()
#5 {main}
CRITICAL - 2021-07-13 23:36:36 --> Trying to access array offset on value of type null
#0 C:\xampp\htdocs\wms\app\Views\stokView\edit.php(38): CodeIgniter\Debug\Exceptions->errorHandler(2, 'Trying to acces...', 'C:\\xampp\\htdocs...', 38)
#1 C:\xampp\htdocs\wms\vendor\codeigniter4\framework\system\View\View.php(230): include('C:\\xampp\\htdocs...')
#2 C:\xampp\htdocs\wms\vendor\codeigniter4\framework\system\View\View.php(232): CodeIgniter\View\View->CodeIgniter\View\{closure}()
#3 C:\xampp\htdocs\wms\vendor\codeigniter4\framework\system\Common.php(1271): CodeIgniter\View\View->render('stokView/edit', Array, true)
#4 C:\xampp\htdocs\wms\app\Controllers\Stok.php(78): view('stokView/edit', Array)
#5 C:\xampp\htdocs\wms\vendor\codeigniter4\framework\system\CodeIgniter.php(928): App\Controllers\Stok->edit('dist', 'img', 'user1-128x128.j...')
#6 C:\xampp\htdocs\wms\vendor\codeigniter4\framework\system\CodeIgniter.php(436): CodeIgniter\CodeIgniter->runController(Object(App\Controllers\Stok))
#7 C:\xampp\htdocs\wms\vendor\codeigniter4\framework\system\CodeIgniter.php(336): CodeIgniter\CodeIgniter->handleRequest(NULL, Object(Config\Cache), false)
#8 C:\xampp\htdocs\wms\public\index.php(37): CodeIgniter\CodeIgniter->run()
#9 {main}
CRITICAL - 2021-07-13 23:36:36 --> Trying to access array offset on value of type null
#0 C:\xampp\htdocs\wms\app\Views\stokView\edit.php(38): CodeIgniter\Debug\Exceptions->errorHandler(2, 'Trying to acces...', 'C:\\xampp\\htdocs...', 38)
#1 C:\xampp\htdocs\wms\vendor\codeigniter4\framework\system\View\View.php(230): include('C:\\xampp\\htdocs...')
#2 C:\xampp\htdocs\wms\vendor\codeigniter4\framework\system\View\View.php(232): CodeIgniter\View\View->CodeIgniter\View\{closure}()
#3 C:\xampp\htdocs\wms\vendor\codeigniter4\framework\system\Common.php(1271): CodeIgniter\View\View->render('stokView/edit', Array, true)
#4 C:\xampp\htdocs\wms\app\Controllers\Stok.php(78): view('stokView/edit', Array)
#5 C:\xampp\htdocs\wms\vendor\codeigniter4\framework\system\CodeIgniter.php(928): App\Controllers\Stok->edit('dist', 'img', 'user8-128x128.j...')
#6 C:\xampp\htdocs\wms\vendor\codeigniter4\framework\system\CodeIgniter.php(436): CodeIgniter\CodeIgniter->runController(Object(App\Controllers\Stok))
#7 C:\xampp\htdocs\wms\vendor\codeigniter4\framework\system\CodeIgniter.php(336): CodeIgniter\CodeIgniter->handleRequest(NULL, Object(Config\Cache), false)
#8 C:\xampp\htdocs\wms\public\index.php(37): CodeIgniter\CodeIgniter->run()
#9 {main}
CRITICAL - 2021-07-13 23:36:36 --> Trying to access array offset on value of type null
#0 C:\xampp\htdocs\wms\app\Views\stokView\edit.php(38): CodeIgniter\Debug\Exceptions->errorHandler(2, 'Trying to acces...', 'C:\\xampp\\htdocs...', 38)
#1 C:\xampp\htdocs\wms\vendor\codeigniter4\framework\system\View\View.php(230): include('C:\\xampp\\htdocs...')
#2 C:\xampp\htdocs\wms\vendor\codeigniter4\framework\system\View\View.php(232): CodeIgniter\View\View->CodeIgniter\View\{closure}()
#3 C:\xampp\htdocs\wms\vendor\codeigniter4\framework\system\Common.php(1271): CodeIgniter\View\View->render('stokView/edit', Array, true)
#4 C:\xampp\htdocs\wms\app\Controllers\Stok.php(78): view('stokView/edit', Array)
#5 C:\xampp\htdocs\wms\vendor\codeigniter4\framework\system\CodeIgniter.php(928): App\Controllers\Stok->edit('dist', 'img', 'user3-128x128.j...')
#6 C:\xampp\htdocs\wms\vendor\codeigniter4\framework\system\CodeIgniter.php(436): CodeIgniter\CodeIgniter->runController(Object(App\Controllers\Stok))
#7 C:\xampp\htdocs\wms\vendor\codeigniter4\framework\system\CodeIgniter.php(336): CodeIgniter\CodeIgniter->handleRequest(NULL, Object(Config\Cache), false)
#8 C:\xampp\htdocs\wms\public\index.php(37): CodeIgniter\CodeIgniter->run()
#9 {main}
CRITICAL - 2021-07-13 23:43:35 --> Trying to access array offset on value of type null
#0 C:\xampp\htdocs\wms\app\Views\stokView\edit.php(38): CodeIgniter\Debug\Exceptions->errorHandler(2, 'Trying to acces...', 'C:\\xampp\\htdocs...', 38)
#1 C:\xampp\htdocs\wms\vendor\codeigniter4\framework\system\View\View.php(230): include('C:\\xampp\\htdocs...')
#2 C:\xampp\htdocs\wms\vendor\codeigniter4\framework\system\View\View.php(232): CodeIgniter\View\View->CodeIgniter\View\{closure}()
#3 C:\xampp\htdocs\wms\vendor\codeigniter4\framework\system\Common.php(1271): CodeIgniter\View\View->render('stokView/edit', Array, true)
#4 C:\xampp\htdocs\wms\app\Controllers\Stok.php(78): view('stokView/edit', Array)
#5 C:\xampp\htdocs\wms\vendor\codeigniter4\framework\system\CodeIgniter.php(928): App\Controllers\Stok->edit('dist', 'img', 'user1-128x128.j...')
#6 C:\xampp\htdocs\wms\vendor\codeigniter4\framework\system\CodeIgniter.php(436): CodeIgniter\CodeIgniter->runController(Object(App\Controllers\Stok))
#7 C:\xampp\htdocs\wms\vendor\codeigniter4\framework\system\CodeIgniter.php(336): CodeIgniter\CodeIgniter->handleRequest(NULL, Object(Config\Cache), false)
#8 C:\xampp\htdocs\wms\public\index.php(37): CodeIgniter\CodeIgniter->run()
#9 {main}
CRITICAL - 2021-07-13 23:43:35 --> Trying to access array offset on value of type null
#0 C:\xampp\htdocs\wms\app\Views\stokView\edit.php(38): CodeIgniter\Debug\Exceptions->errorHandler(2, 'Trying to acces...', 'C:\\xampp\\htdocs...', 38)
#1 C:\xampp\htdocs\wms\vendor\codeigniter4\framework\system\View\View.php(230): include('C:\\xampp\\htdocs...')
#2 C:\xampp\htdocs\wms\vendor\codeigniter4\framework\system\View\View.php(232): CodeIgniter\View\View->CodeIgniter\View\{closure}()
#3 C:\xampp\htdocs\wms\vendor\codeigniter4\framework\system\Common.php(1271): CodeIgniter\View\View->render('stokView/edit', Array, true)
#4 C:\xampp\htdocs\wms\app\Controllers\Stok.php(78): view('stokView/edit', Array)
#5 C:\xampp\htdocs\wms\vendor\codeigniter4\framework\system\CodeIgniter.php(928): App\Controllers\Stok->edit('dist', 'img', 'user8-128x128.j...')
#6 C:\xampp\htdocs\wms\vendor\codeigniter4\framework\system\CodeIgniter.php(436): CodeIgniter\CodeIgniter->runController(Object(App\Controllers\Stok))
#7 C:\xampp\htdocs\wms\vendor\codeigniter4\framework\system\CodeIgniter.php(336): CodeIgniter\CodeIgniter->handleRequest(NULL, Object(Config\Cache), false)
#8 C:\xampp\htdocs\wms\public\index.php(37): CodeIgniter\CodeIgniter->run()
#9 {main}
CRITICAL - 2021-07-13 23:43:35 --> Trying to access array offset on value of type null
#0 C:\xampp\htdocs\wms\app\Views\stokView\edit.php(38): CodeIgniter\Debug\Exceptions->errorHandler(2, 'Trying to acces...', 'C:\\xampp\\htdocs...', 38)
#1 C:\xampp\htdocs\wms\vendor\codeigniter4\framework\system\View\View.php(230): include('C:\\xampp\\htdocs...')
#2 C:\xampp\htdocs\wms\vendor\codeigniter4\framework\system\View\View.php(232): CodeIgniter\View\View->CodeIgniter\View\{closure}()
#3 C:\xampp\htdocs\wms\vendor\codeigniter4\framework\system\Common.php(1271): CodeIgniter\View\View->render('stokView/edit', Array, true)
#4 C:\xampp\htdocs\wms\app\Controllers\Stok.php(78): view('stokView/edit', Array)
#5 C:\xampp\htdocs\wms\vendor\codeigniter4\framework\system\CodeIgniter.php(928): App\Controllers\Stok->edit('dist', 'img', 'user3-128x128.j...')
#6 C:\xampp\htdocs\wms\vendor\codeigniter4\framework\system\CodeIgniter.php(436): CodeIgniter\CodeIgniter->runController(Object(App\Controllers\Stok))
#7 C:\xampp\htdocs\wms\vendor\codeigniter4\framework\system\CodeIgniter.php(336): CodeIgniter\CodeIgniter->handleRequest(NULL, Object(Config\Cache), false)
#8 C:\xampp\htdocs\wms\public\index.php(37): CodeIgniter\CodeIgniter->run()
#9 {main}
CRITICAL - 2021-07-13 23:43:45 --> Trying to access array offset on value of type null
#0 C:\xampp\htdocs\wms\app\Views\stokView\edit.php(38): CodeIgniter\Debug\Exceptions->errorHandler(2, 'Trying to acces...', 'C:\\xampp\\htdocs...', 38)
#1 C:\xampp\htdocs\wms\vendor\codeigniter4\framework\system\View\View.php(230): include('C:\\xampp\\htdocs...')
#2 C:\xampp\htdocs\wms\vendor\codeigniter4\framework\system\View\View.php(232): CodeIgniter\View\View->CodeIgniter\View\{closure}()
#3 C:\xampp\htdocs\wms\vendor\codeigniter4\framework\system\Common.php(1271): CodeIgniter\View\View->render('stokView/edit', Array, true)
#4 C:\xampp\htdocs\wms\app\Controllers\Stok.php(78): view('stokView/edit', Array)
#5 C:\xampp\htdocs\wms\vendor\codeigniter4\framework\system\CodeIgniter.php(928): App\Controllers\Stok->edit('dist', 'img', 'user3-128x128.j...')
#6 C:\xampp\htdocs\wms\vendor\codeigniter4\framework\system\CodeIgniter.php(436): CodeIgniter\CodeIgniter->runController(Object(App\Controllers\Stok))
#7 C:\xampp\htdocs\wms\vendor\codeigniter4\framework\system\CodeIgniter.php(336): CodeIgniter\CodeIgniter->handleRequest(NULL, Object(Config\Cache), false)
#8 C:\xampp\htdocs\wms\public\index.php(37): CodeIgniter\CodeIgniter->run()
#9 {main}
CRITICAL - 2021-07-13 23:43:45 --> Trying to access array offset on value of type null
#0 C:\xampp\htdocs\wms\app\Views\stokView\edit.php(38): CodeIgniter\Debug\Exceptions->errorHandler(2, 'Trying to acces...', 'C:\\xampp\\htdocs...', 38)
#1 C:\xampp\htdocs\wms\vendor\codeigniter4\framework\system\View\View.php(230): include('C:\\xampp\\htdocs...')
#2 C:\xampp\htdocs\wms\vendor\codeigniter4\framework\system\View\View.php(232): CodeIgniter\View\View->CodeIgniter\View\{closure}()
#3 C:\xampp\htdocs\wms\vendor\codeigniter4\framework\system\Common.php(1271): CodeIgniter\View\View->render('stokView/edit', Array, true)
#4 C:\xampp\htdocs\wms\app\Controllers\Stok.php(78): view('stokView/edit', Array)
#5 C:\xampp\htdocs\wms\vendor\codeigniter4\framework\system\CodeIgniter.php(928): App\Controllers\Stok->edit('dist', 'img', 'user8-128x128.j...')
#6 C:\xampp\htdocs\wms\vendor\codeigniter4\framework\system\CodeIgniter.php(436): CodeIgniter\CodeIgniter->runController(Object(App\Controllers\Stok))
#7 C:\xampp\htdocs\wms\vendor\codeigniter4\framework\system\CodeIgniter.php(336): CodeIgniter\CodeIgniter->handleRequest(NULL, Object(Config\Cache), false)
#8 C:\xampp\htdocs\wms\public\index.php(37): CodeIgniter\CodeIgniter->run()
#9 {main}
CRITICAL - 2021-07-13 23:43:45 --> Trying to access array offset on value of type null
#0 C:\xampp\htdocs\wms\app\Views\stokView\edit.php(38): CodeIgniter\Debug\Exceptions->errorHandler(2, 'Trying to acces...', 'C:\\xampp\\htdocs...', 38)
#1 C:\xampp\htdocs\wms\vendor\codeigniter4\framework\system\View\View.php(230): include('C:\\xampp\\htdocs...')
#2 C:\xampp\htdocs\wms\vendor\codeigniter4\framework\system\View\View.php(232): CodeIgniter\View\View->CodeIgniter\View\{closure}()
#3 C:\xampp\htdocs\wms\vendor\codeigniter4\framework\system\Common.php(1271): CodeIgniter\View\View->render('stokView/edit', Array, true)
#4 C:\xampp\htdocs\wms\app\Controllers\Stok.php(78): view('stokView/edit', Array)
#5 C:\xampp\htdocs\wms\vendor\codeigniter4\framework\system\CodeIgniter.php(928): App\Controllers\Stok->edit('dist', 'img', 'user1-128x128.j...')
#6 C:\xampp\htdocs\wms\vendor\codeigniter4\framework\system\CodeIgniter.php(436): CodeIgniter\CodeIgniter->runController(Object(App\Controllers\Stok))
#7 C:\xampp\htdocs\wms\vendor\codeigniter4\framework\system\CodeIgniter.php(336): CodeIgniter\CodeIgniter->handleRequest(NULL, Object(Config\Cache), false)
#8 C:\xampp\htdocs\wms\public\index.php(37): CodeIgniter\CodeIgniter->run()
#9 {main}
CRITICAL - 2021-07-13 23:43:53 --> Trying to access array offset on value of type null
#0 C:\xampp\htdocs\wms\app\Views\stokView\edit.php(38): CodeIgniter\Debug\Exceptions->errorHandler(2, 'Trying to acces...', 'C:\\xampp\\htdocs...', 38)
#1 C:\xampp\htdocs\wms\vendor\codeigniter4\framework\system\View\View.php(230): include('C:\\xampp\\htdocs...')
#2 C:\xampp\htdocs\wms\vendor\codeigniter4\framework\system\View\View.php(232): CodeIgniter\View\View->CodeIgniter\View\{closure}()
#3 C:\xampp\htdocs\wms\vendor\codeigniter4\framework\system\Common.php(1271): CodeIgniter\View\View->render('stokView/edit', Array, true)
#4 C:\xampp\htdocs\wms\app\Controllers\Stok.php(78): view('stokView/edit', Array)
#5 C:\xampp\htdocs\wms\vendor\codeigniter4\framework\system\CodeIgniter.php(928): App\Controllers\Stok->edit('dist', 'img', 'user1-128x128.j...')
#6 C:\xampp\htdocs\wms\vendor\codeigniter4\framework\system\CodeIgniter.php(436): CodeIgniter\CodeIgniter->runController(Object(App\Controllers\Stok))
#7 C:\xampp\htdocs\wms\vendor\codeigniter4\framework\system\CodeIgniter.php(336): CodeIgniter\CodeIgniter->handleRequest(NULL, Object(Config\Cache), false)
#8 C:\xampp\htdocs\wms\public\index.php(37): CodeIgniter\CodeIgniter->run()
#9 {main}
CRITICAL - 2021-07-13 23:43:53 --> Trying to access array offset on value of type null
#0 C:\xampp\htdocs\wms\app\Views\stokView\edit.php(38): CodeIgniter\Debug\Exceptions->errorHandler(2, 'Trying to acces...', 'C:\\xampp\\htdocs...', 38)
#1 C:\xampp\htdocs\wms\vendor\codeigniter4\framework\system\View\View.php(230): include('C:\\xampp\\htdocs...')
#2 C:\xampp\htdocs\wms\vendor\codeigniter4\framework\system\View\View.php(232): CodeIgniter\View\View->CodeIgniter\View\{closure}()
#3 C:\xampp\htdocs\wms\vendor\codeigniter4\framework\system\Common.php(1271): CodeIgniter\View\View->render('stokView/edit', Array, true)
#4 C:\xampp\htdocs\wms\app\Controllers\Stok.php(78): view('stokView/edit', Array)
#5 C:\xampp\htdocs\wms\vendor\codeigniter4\framework\system\CodeIgniter.php(928): App\Controllers\Stok->edit('dist', 'img', 'user8-128x128.j...')
#6 C:\xampp\htdocs\wms\vendor\codeigniter4\framework\system\CodeIgniter.php(436): CodeIgniter\CodeIgniter->runController(Object(App\Controllers\Stok))
#7 C:\xampp\htdocs\wms\vendor\codeigniter4\framework\system\CodeIgniter.php(336): CodeIgniter\CodeIgniter->handleRequest(NULL, Object(Config\Cache), false)
#8 C:\xampp\htdocs\wms\public\index.php(37): CodeIgniter\CodeIgniter->run()
#9 {main}
CRITICAL - 2021-07-13 23:43:53 --> Trying to access array offset on value of type null
#0 C:\xampp\htdocs\wms\app\Views\stokView\edit.php(38): CodeIgniter\Debug\Exceptions->errorHandler(2, 'Trying to acces...', 'C:\\xampp\\htdocs...', 38)
#1 C:\xampp\htdocs\wms\vendor\codeigniter4\framework\system\View\View.php(230): include('C:\\xampp\\htdocs...')
#2 C:\xampp\htdocs\wms\vendor\codeigniter4\framework\system\View\View.php(232): CodeIgniter\View\View->CodeIgniter\View\{closure}()
#3 C:\xampp\htdocs\wms\vendor\codeigniter4\framework\system\Common.php(1271): CodeIgniter\View\View->render('stokView/edit', Array, true)
#4 C:\xampp\htdocs\wms\app\Controllers\Stok.php(78): view('stokView/edit', Array)
#5 C:\xampp\htdocs\wms\vendor\codeigniter4\framework\system\CodeIgniter.php(928): App\Controllers\Stok->edit('dist', 'img', 'user3-128x128.j...')
#6 C:\xampp\htdocs\wms\vendor\codeigniter4\framework\system\CodeIgniter.php(436): CodeIgniter\CodeIgniter->runController(Object(App\Controllers\Stok))
#7 C:\xampp\htdocs\wms\vendor\codeigniter4\framework\system\CodeIgniter.php(336): CodeIgniter\CodeIgniter->handleRequest(NULL, Object(Config\Cache), false)
#8 C:\xampp\htdocs\wms\public\index.php(37): CodeIgniter\CodeIgniter->run()
#9 {main}
CRITICAL - 2021-07-13 23:43:55 --> Trying to access array offset on value of type null
#0 C:\xampp\htdocs\wms\app\Views\stokView\edit.php(38): CodeIgniter\Debug\Exceptions->errorHandler(2, 'Trying to acces...', 'C:\\xampp\\htdocs...', 38)
#1 C:\xampp\htdocs\wms\vendor\codeigniter4\framework\system\View\View.php(230): include('C:\\xampp\\htdocs...')
#2 C:\xampp\htdocs\wms\vendor\codeigniter4\framework\system\View\View.php(232): CodeIgniter\View\View->CodeIgniter\View\{closure}()
#3 C:\xampp\htdocs\wms\vendor\codeigniter4\framework\system\Common.php(1271): CodeIgniter\View\View->render('stokView/edit', Array, true)
#4 C:\xampp\htdocs\wms\app\Controllers\Stok.php(78): view('stokView/edit', Array)
#5 C:\xampp\htdocs\wms\vendor\codeigniter4\framework\system\CodeIgniter.php(928): App\Controllers\Stok->edit('dist', 'img', 'user1-128x128.j...')
#6 C:\xampp\htdocs\wms\vendor\codeigniter4\framework\system\CodeIgniter.php(436): CodeIgniter\CodeIgniter->runController(Object(App\Controllers\Stok))
#7 C:\xampp\htdocs\wms\vendor\codeigniter4\framework\system\CodeIgniter.php(336): CodeIgniter\CodeIgniter->handleRequest(NULL, Object(Config\Cache), false)
#8 C:\xampp\htdocs\wms\public\index.php(37): CodeIgniter\CodeIgniter->run()
#9 {main}
CRITICAL - 2021-07-13 23:43:55 --> Trying to access array offset on value of type null
#0 C:\xampp\htdocs\wms\app\Views\stokView\edit.php(38): CodeIgniter\Debug\Exceptions->errorHandler(2, 'Trying to acces...', 'C:\\xampp\\htdocs...', 38)
#1 C:\xampp\htdocs\wms\vendor\codeigniter4\framework\system\View\View.php(230): include('C:\\xampp\\htdocs...')
#2 C:\xampp\htdocs\wms\vendor\codeigniter4\framework\system\View\View.php(232): CodeIgniter\View\View->CodeIgniter\View\{closure}()
#3 C:\xampp\htdocs\wms\vendor\codeigniter4\framework\system\Common.php(1271): CodeIgniter\View\View->render('stokView/edit', Array, true)
#4 C:\xampp\htdocs\wms\app\Controllers\Stok.php(78): view('stokView/edit', Array)
#5 C:\xampp\htdocs\wms\vendor\codeigniter4\framework\system\CodeIgniter.php(928): App\Controllers\Stok->edit('dist', 'img', 'user8-128x128.j...')
#6 C:\xampp\htdocs\wms\vendor\codeigniter4\framework\system\CodeIgniter.php(436): CodeIgniter\CodeIgniter->runController(Object(App\Controllers\Stok))
#7 C:\xampp\htdocs\wms\vendor\codeigniter4\framework\system\CodeIgniter.php(336): CodeIgniter\CodeIgniter->handleRequest(NULL, Object(Config\Cache), false)
#8 C:\xampp\htdocs\wms\public\index.php(37): CodeIgniter\CodeIgniter->run()
#9 {main}
CRITICAL - 2021-07-13 23:43:55 --> Trying to access array offset on value of type null
#0 C:\xampp\htdocs\wms\app\Views\stokView\edit.php(38): CodeIgniter\Debug\Exceptions->errorHandler(2, 'Trying to acces...', 'C:\\xampp\\htdocs...', 38)
#1 C:\xampp\htdocs\wms\vendor\codeigniter4\framework\system\View\View.php(230): include('C:\\xampp\\htdocs...')
#2 C:\xampp\htdocs\wms\vendor\codeigniter4\framework\system\View\View.php(232): CodeIgniter\View\View->CodeIgniter\View\{closure}()
#3 C:\xampp\htdocs\wms\vendor\codeigniter4\framework\system\Common.php(1271): CodeIgniter\View\View->render('stokView/edit', Array, true)
#4 C:\xampp\htdocs\wms\app\Controllers\Stok.php(78): view('stokView/edit', Array)
#5 C:\xampp\htdocs\wms\vendor\codeigniter4\framework\system\CodeIgniter.php(928): App\Controllers\Stok->edit('dist', 'img', 'user3-128x128.j...')
#6 C:\xampp\htdocs\wms\vendor\codeigniter4\framework\system\CodeIgniter.php(436): CodeIgniter\CodeIgniter->runController(Object(App\Controllers\Stok))
#7 C:\xampp\htdocs\wms\vendor\codeigniter4\framework\system\CodeIgniter.php(336): CodeIgniter\CodeIgniter->handleRequest(NULL, Object(Config\Cache), false)
#8 C:\xampp\htdocs\wms\public\index.php(37): CodeIgniter\CodeIgniter->run()
#9 {main}
CRITICAL - 2021-07-13 23:47:56 --> Undefined array key "nama_barang"
#0 C:\xampp\htdocs\wms\app\Views\stokView\edit.php(44): CodeIgniter\Debug\Exceptions->errorHandler(2, 'Undefined array...', 'C:\\xampp\\htdocs...', 44)
#1 C:\xampp\htdocs\wms\vendor\codeigniter4\framework\system\View\View.php(230): include('C:\\xampp\\htdocs...')
#2 C:\xampp\htdocs\wms\vendor\codeigniter4\framework\system\View\View.php(232): CodeIgniter\View\View->CodeIgniter\View\{closure}()
#3 C:\xampp\htdocs\wms\vendor\codeigniter4\framework\system\Common.php(1271): CodeIgniter\View\View->render('stokView/edit', Array, true)
#4 C:\xampp\htdocs\wms\app\Controllers\Stok.php(78): view('stokView/edit', Array)
#5 C:\xampp\htdocs\wms\vendor\codeigniter4\framework\system\CodeIgniter.php(928): App\Controllers\Stok->edit('2')
#6 C:\xampp\htdocs\wms\vendor\codeigniter4\framework\system\CodeIgniter.php(436): CodeIgniter\CodeIgniter->runController(Object(App\Controllers\Stok))
#7 C:\xampp\htdocs\wms\vendor\codeigniter4\framework\system\CodeIgniter.php(336): CodeIgniter\CodeIgniter->handleRequest(NULL, Object(Config\Cache), false)
#8 C:\xampp\htdocs\wms\public\index.php(37): CodeIgniter\CodeIgniter->run()
#9 {main}
CRITICAL - 2021-07-13 23:48:08 --> Trying to access array offset on value of type null
#0 C:\xampp\htdocs\wms\app\Views\stokView\edit.php(38): CodeIgniter\Debug\Exceptions->errorHandler(2, 'Trying to acces...', 'C:\\xampp\\htdocs...', 38)
#1 C:\xampp\htdocs\wms\vendor\codeigniter4\framework\system\View\View.php(230): include('C:\\xampp\\htdocs...')
#2 C:\xampp\htdocs\wms\vendor\codeigniter4\framework\system\View\View.php(232): CodeIgniter\View\View->CodeIgniter\View\{closure}()
#3 C:\xampp\htdocs\wms\vendor\codeigniter4\framework\system\Common.php(1271): CodeIgniter\View\View->render('stokView/edit', Array, true)
#4 C:\xampp\htdocs\wms\app\Controllers\Stok.php(78): view('stokView/edit', Array)
#5 C:\xampp\htdocs\wms\vendor\codeigniter4\framework\system\CodeIgniter.php(928): App\Controllers\Stok->edit('dist', 'img', 'user1-128x128.j...')
#6 C:\xampp\htdocs\wms\vendor\codeigniter4\framework\system\CodeIgniter.php(436): CodeIgniter\CodeIgniter->runController(Object(App\Controllers\Stok))
#7 C:\xampp\htdocs\wms\vendor\codeigniter4\framework\system\CodeIgniter.php(336): CodeIgniter\CodeIgniter->handleRequest(NULL, Object(Config\Cache), false)
#8 C:\xampp\htdocs\wms\public\index.php(37): CodeIgniter\CodeIgniter->run()
#9 {main}
CRITICAL - 2021-07-13 23:48:08 --> Trying to access array offset on value of type null
#0 C:\xampp\htdocs\wms\app\Views\stokView\edit.php(38): CodeIgniter\Debug\Exceptions->errorHandler(2, 'Trying to acces...', 'C:\\xampp\\htdocs...', 38)
#1 C:\xampp\htdocs\wms\vendor\codeigniter4\framework\system\View\View.php(230): include('C:\\xampp\\htdocs...')
#2 C:\xampp\htdocs\wms\vendor\codeigniter4\framework\system\View\View.php(232): CodeIgniter\View\View->CodeIgniter\View\{closure}()
#3 C:\xampp\htdocs\wms\vendor\codeigniter4\framework\system\Common.php(1271): CodeIgniter\View\View->render('stokView/edit', Array, true)
#4 C:\xampp\htdocs\wms\app\Controllers\Stok.php(78): view('stokView/edit', Array)
#5 C:\xampp\htdocs\wms\vendor\codeigniter4\framework\system\CodeIgniter.php(928): App\Controllers\Stok->edit('dist', 'img', 'user8-128x128.j...')
#6 C:\xampp\htdocs\wms\vendor\codeigniter4\framework\system\CodeIgniter.php(436): CodeIgniter\CodeIgniter->runController(Object(App\Controllers\Stok))
#7 C:\xampp\htdocs\wms\vendor\codeigniter4\framework\system\CodeIgniter.php(336): CodeIgniter\CodeIgniter->handleRequest(NULL, Object(Config\Cache), false)
#8 C:\xampp\htdocs\wms\public\index.php(37): CodeIgniter\CodeIgniter->run()
#9 {main}
CRITICAL - 2021-07-13 23:48:08 --> Trying to access array offset on value of type null
#0 C:\xampp\htdocs\wms\app\Views\stokView\edit.php(38): CodeIgniter\Debug\Exceptions->errorHandler(2, 'Trying to acces...', 'C:\\xampp\\htdocs...', 38)
#1 C:\xampp\htdocs\wms\vendor\codeigniter4\framework\system\View\View.php(230): include('C:\\xampp\\htdocs...')
#2 C:\xampp\htdocs\wms\vendor\codeigniter4\framework\system\View\View.php(232): CodeIgniter\View\View->CodeIgniter\View\{closure}()
#3 C:\xampp\htdocs\wms\vendor\codeigniter4\framework\system\Common.php(1271): CodeIgniter\View\View->render('stokView/edit', Array, true)
#4 C:\xampp\htdocs\wms\app\Controllers\Stok.php(78): view('stokView/edit', Array)
#5 C:\xampp\htdocs\wms\vendor\codeigniter4\framework\system\CodeIgniter.php(928): App\Controllers\Stok->edit('dist', 'img', 'user3-128x128.j...')
#6 C:\xampp\htdocs\wms\vendor\codeigniter4\framework\system\CodeIgniter.php(436): CodeIgniter\CodeIgniter->runController(Object(App\Controllers\Stok))
#7 C:\xampp\htdocs\wms\vendor\codeigniter4\framework\system\CodeIgniter.php(336): CodeIgniter\CodeIgniter->handleRequest(NULL, Object(Config\Cache), false)
#8 C:\xampp\htdocs\wms\public\index.php(37): CodeIgniter\CodeIgniter->run()
#9 {main}
CRITICAL - 2021-07-13 23:51:58 --> Trying to access array offset on value of type null
#0 C:\xampp\htdocs\wms\app\Views\stokView\edit.php(38): CodeIgniter\Debug\Exceptions->errorHandler(2, 'Trying to acces...', 'C:\\xampp\\htdocs...', 38)
#1 C:\xampp\htdocs\wms\vendor\codeigniter4\framework\system\View\View.php(230): include('C:\\xampp\\htdocs...')
#2 C:\xampp\htdocs\wms\vendor\codeigniter4\framework\system\View\View.php(232): CodeIgniter\View\View->CodeIgniter\View\{closure}()
#3 C:\xampp\htdocs\wms\vendor\codeigniter4\framework\system\Common.php(1271): CodeIgniter\View\View->render('stokView/edit', Array, true)
#4 C:\xampp\htdocs\wms\app\Controllers\Stok.php(78): view('stokView/edit', Array)
#5 C:\xampp\htdocs\wms\vendor\codeigniter4\framework\system\CodeIgniter.php(928): App\Controllers\Stok->edit('dist', 'img', 'user1-128x128.j...')
#6 C:\xampp\htdocs\wms\vendor\codeigniter4\framework\system\CodeIgniter.php(436): CodeIgniter\CodeIgniter->runController(Object(App\Controllers\Stok))
#7 C:\xampp\htdocs\wms\vendor\codeigniter4\framework\system\CodeIgniter.php(336): CodeIgniter\CodeIgniter->handleRequest(NULL, Object(Config\Cache), false)
#8 C:\xampp\htdocs\wms\public\index.php(37): CodeIgniter\CodeIgniter->run()
#9 {main}
CRITICAL - 2021-07-13 23:51:58 --> Trying to access array offset on value of type null
#0 C:\xampp\htdocs\wms\app\Views\stokView\edit.php(38): CodeIgniter\Debug\Exceptions->errorHandler(2, 'Trying to acces...', 'C:\\xampp\\htdocs...', 38)
#1 C:\xampp\htdocs\wms\vendor\codeigniter4\framework\system\View\View.php(230): include('C:\\xampp\\htdocs...')
#2 C:\xampp\htdocs\wms\vendor\codeigniter4\framework\system\View\View.php(232): CodeIgniter\View\View->CodeIgniter\View\{closure}()
#3 C:\xampp\htdocs\wms\vendor\codeigniter4\framework\system\Common.php(1271): CodeIgniter\View\View->render('stokView/edit', Array, true)
#4 C:\xampp\htdocs\wms\app\Controllers\Stok.php(78): view('stokView/edit', Array)
#5 C:\xampp\htdocs\wms\vendor\codeigniter4\framework\system\CodeIgniter.php(928): App\Controllers\Stok->edit('dist', 'img', 'user8-128x128.j...')
#6 C:\xampp\htdocs\wms\vendor\codeigniter4\framework\system\CodeIgniter.php(436): CodeIgniter\CodeIgniter->runController(Object(App\Controllers\Stok))
#7 C:\xampp\htdocs\wms\vendor\codeigniter4\framework\system\CodeIgniter.php(336): CodeIgniter\CodeIgniter->handleRequest(NULL, Object(Config\Cache), false)
#8 C:\xampp\htdocs\wms\public\index.php(37): CodeIgniter\CodeIgniter->run()
#9 {main}
CRITICAL - 2021-07-13 23:51:58 --> Trying to access array offset on value of type null
#0 C:\xampp\htdocs\wms\app\Views\stokView\edit.php(38): CodeIgniter\Debug\Exceptions->errorHandler(2, 'Trying to acces...', 'C:\\xampp\\htdocs...', 38)
#1 C:\xampp\htdocs\wms\vendor\codeigniter4\framework\system\View\View.php(230): include('C:\\xampp\\htdocs...')
#2 C:\xampp\htdocs\wms\vendor\codeigniter4\framework\system\View\View.php(232): CodeIgniter\View\View->CodeIgniter\View\{closure}()
#3 C:\xampp\htdocs\wms\vendor\codeigniter4\framework\system\Common.php(1271): CodeIgniter\View\View->render('stokView/edit', Array, true)
#4 C:\xampp\htdocs\wms\app\Controllers\Stok.php(78): view('stokView/edit', Array)
#5 C:\xampp\htdocs\wms\vendor\codeigniter4\framework\system\CodeIgniter.php(928): App\Controllers\Stok->edit('dist', 'img', 'user3-128x128.j...')
#6 C:\xampp\htdocs\wms\vendor\codeigniter4\framework\system\CodeIgniter.php(436): CodeIgniter\CodeIgniter->runController(Object(App\Controllers\Stok))
#7 C:\xampp\htdocs\wms\vendor\codeigniter4\framework\system\CodeIgniter.php(336): CodeIgniter\CodeIgniter->handleRequest(NULL, Object(Config\Cache), false)
#8 C:\xampp\htdocs\wms\public\index.php(37): CodeIgniter\CodeIgniter->run()
#9 {main}
CRITICAL - 2021-07-13 23:52:03 --> Undefined property: App\Controllers\Stok::$tipeModel
#0 C:\xampp\htdocs\wms\app\Controllers\Stok.php(110): CodeIgniter\Debug\Exceptions->errorHandler(2, 'Undefined prope...', 'C:\\xampp\\htdocs...', 110)
#1 C:\xampp\htdocs\wms\vendor\codeigniter4\framework\system\CodeIgniter.php(928): App\Controllers\Stok->update('4')
#2 C:\xampp\htdocs\wms\vendor\codeigniter4\framework\system\CodeIgniter.php(436): CodeIgniter\CodeIgniter->runController(Object(App\Controllers\Stok))
#3 C:\xampp\htdocs\wms\vendor\codeigniter4\framework\system\CodeIgniter.php(336): CodeIgniter\CodeIgniter->handleRequest(NULL, Object(Config\Cache), false)
#4 C:\xampp\htdocs\wms\public\index.php(37): CodeIgniter\CodeIgniter->run()
#5 {main}
CRITICAL - 2021-07-13 23:52:35 --> Trying to access array offset on value of type null
#0 C:\xampp\htdocs\wms\app\Views\stokView\edit.php(38): CodeIgniter\Debug\Exceptions->errorHandler(2, 'Trying to acces...', 'C:\\xampp\\htdocs...', 38)
#1 C:\xampp\htdocs\wms\vendor\codeigniter4\framework\system\View\View.php(230): include('C:\\xampp\\htdocs...')
#2 C:\xampp\htdocs\wms\vendor\codeigniter4\framework\system\View\View.php(232): CodeIgniter\View\View->CodeIgniter\View\{closure}()
#3 C:\xampp\htdocs\wms\vendor\codeigniter4\framework\system\Common.php(1271): CodeIgniter\View\View->render('stokView/edit', Array, true)
#4 C:\xampp\htdocs\wms\app\Controllers\Stok.php(78): view('stokView/edit', Array)
#5 C:\xampp\htdocs\wms\vendor\codeigniter4\framework\system\CodeIgniter.php(928): App\Controllers\Stok->edit('dist', 'img', 'user8-128x128.j...')
#6 C:\xampp\htdocs\wms\vendor\codeigniter4\framework\system\CodeIgniter.php(436): CodeIgniter\CodeIgniter->runController(Object(App\Controllers\Stok))
#7 C:\xampp\htdocs\wms\vendor\codeigniter4\framework\system\CodeIgniter.php(336): CodeIgniter\CodeIgniter->handleRequest(NULL, Object(Config\Cache), false)
#8 C:\xampp\htdocs\wms\public\index.php(37): CodeIgniter\CodeIgniter->run()
#9 {main}
CRITICAL - 2021-07-13 23:52:35 --> Trying to access array offset on value of type null
#0 C:\xampp\htdocs\wms\app\Views\stokView\edit.php(38): CodeIgniter\Debug\Exceptions->errorHandler(2, 'Trying to acces...', 'C:\\xampp\\htdocs...', 38)
#1 C:\xampp\htdocs\wms\vendor\codeigniter4\framework\system\View\View.php(230): include('C:\\xampp\\htdocs...')
#2 C:\xampp\htdocs\wms\vendor\codeigniter4\framework\system\View\View.php(232): CodeIgniter\View\View->CodeIgniter\View\{closure}()
#3 C:\xampp\htdocs\wms\vendor\codeigniter4\framework\system\Common.php(1271): CodeIgniter\View\View->render('stokView/edit', Array, true)
#4 C:\xampp\htdocs\wms\app\Controllers\Stok.php(78): view('stokView/edit', Array)
#5 C:\xampp\htdocs\wms\vendor\codeigniter4\framework\system\CodeIgniter.php(928): App\Controllers\Stok->edit('dist', 'img', 'user1-128x128.j...')
#6 C:\xampp\htdocs\wms\vendor\codeigniter4\framework\system\CodeIgniter.php(436): CodeIgniter\CodeIgniter->runController(Object(App\Controllers\Stok))
#7 C:\xampp\htdocs\wms\vendor\codeigniter4\framework\system\CodeIgniter.php(336): CodeIgniter\CodeIgniter->handleRequest(NULL, Object(Config\Cache), false)
#8 C:\xampp\htdocs\wms\public\index.php(37): CodeIgniter\CodeIgniter->run()
#9 {main}
CRITICAL - 2021-07-13 23:52:35 --> Trying to access array offset on value of type null
#0 C:\xampp\htdocs\wms\app\Views\stokView\edit.php(38): CodeIgniter\Debug\Exceptions->errorHandler(2, 'Trying to acces...', 'C:\\xampp\\htdocs...', 38)
#1 C:\xampp\htdocs\wms\vendor\codeigniter4\framework\system\View\View.php(230): include('C:\\xampp\\htdocs...')
#2 C:\xampp\htdocs\wms\vendor\codeigniter4\framework\system\View\View.php(232): CodeIgniter\View\View->CodeIgniter\View\{closure}()
#3 C:\xampp\htdocs\wms\vendor\codeigniter4\framework\system\Common.php(1271): CodeIgniter\View\View->render('stokView/edit', Array, true)
#4 C:\xampp\htdocs\wms\app\Controllers\Stok.php(78): view('stokView/edit', Array)
#5 C:\xampp\htdocs\wms\vendor\codeigniter4\framework\system\CodeIgniter.php(928): App\Controllers\Stok->edit('dist', 'img', 'user3-128x128.j...')
#6 C:\xampp\htdocs\wms\vendor\codeigniter4\framework\system\CodeIgniter.php(436): CodeIgniter\CodeIgniter->runController(Object(App\Controllers\Stok))
#7 C:\xampp\htdocs\wms\vendor\codeigniter4\framework\system\CodeIgniter.php(336): CodeIgniter\CodeIgniter->handleRequest(NULL, Object(Config\Cache), false)
#8 C:\xampp\htdocs\wms\public\index.php(37): CodeIgniter\CodeIgniter->run()
#9 {main}
CRITICAL - 2021-07-13 23:52:39 --> Trying to access array offset on value of type null
#0 C:\xampp\htdocs\wms\app\Views\stokView\edit.php(38): CodeIgniter\Debug\Exceptions->errorHandler(2, 'Trying to acces...', 'C:\\xampp\\htdocs...', 38)
#1 C:\xampp\htdocs\wms\vendor\codeigniter4\framework\system\View\View.php(230): include('C:\\xampp\\htdocs...')
#2 C:\xampp\htdocs\wms\vendor\codeigniter4\framework\system\View\View.php(232): CodeIgniter\View\View->CodeIgniter\View\{closure}()
#3 C:\xampp\htdocs\wms\vendor\codeigniter4\framework\system\Common.php(1271): CodeIgniter\View\View->render('stokView/edit', Array, true)
#4 C:\xampp\htdocs\wms\app\Controllers\Stok.php(78): view('stokView/edit', Array)
#5 C:\xampp\htdocs\wms\vendor\codeigniter4\framework\system\CodeIgniter.php(928): App\Controllers\Stok->edit('dist', 'img', 'user1-128x128.j...')
#6 C:\xampp\htdocs\wms\vendor\codeigniter4\framework\system\CodeIgniter.php(436): CodeIgniter\CodeIgniter->runController(Object(App\Controllers\Stok))
#7 C:\xampp\htdocs\wms\vendor\codeigniter4\framework\system\CodeIgniter.php(336): CodeIgniter\CodeIgniter->handleRequest(NULL, Object(Config\Cache), false)
#8 C:\xampp\htdocs\wms\public\index.php(37): CodeIgniter\CodeIgniter->run()
#9 {main}
CRITICAL - 2021-07-13 23:52:39 --> Trying to access array offset on value of type null
#0 C:\xampp\htdocs\wms\app\Views\stokView\edit.php(38): CodeIgniter\Debug\Exceptions->errorHandler(2, 'Trying to acces...', 'C:\\xampp\\htdocs...', 38)
#1 C:\xampp\htdocs\wms\vendor\codeigniter4\framework\system\View\View.php(230): include('C:\\xampp\\htdocs...')
#2 C:\xampp\htdocs\wms\vendor\codeigniter4\framework\system\View\View.php(232): CodeIgniter\View\View->CodeIgniter\View\{closure}()
#3 C:\xampp\htdocs\wms\vendor\codeigniter4\framework\system\Common.php(1271): CodeIgniter\View\View->render('stokView/edit', Array, true)
#4 C:\xampp\htdocs\wms\app\Controllers\Stok.php(78): view('stokView/edit', Array)
#5 C:\xampp\htdocs\wms\vendor\codeigniter4\framework\system\CodeIgniter.php(928): App\Controllers\Stok->edit('dist', 'img', 'user8-128x128.j...')
#6 C:\xampp\htdocs\wms\vendor\codeigniter4\framework\system\CodeIgniter.php(436): CodeIgniter\CodeIgniter->runController(Object(App\Controllers\Stok))
#7 C:\xampp\htdocs\wms\vendor\codeigniter4\framework\system\CodeIgniter.php(336): CodeIgniter\CodeIgniter->handleRequest(NULL, Object(Config\Cache), false)
#8 C:\xampp\htdocs\wms\public\index.php(37): CodeIgniter\CodeIgniter->run()
#9 {main}
CRITICAL - 2021-07-13 23:52:39 --> Trying to access array offset on value of type null
#0 C:\xampp\htdocs\wms\app\Views\stokView\edit.php(38): CodeIgniter\Debug\Exceptions->errorHandler(2, 'Trying to acces...', 'C:\\xampp\\htdocs...', 38)
#1 C:\xampp\htdocs\wms\vendor\codeigniter4\framework\system\View\View.php(230): include('C:\\xampp\\htdocs...')
#2 C:\xampp\htdocs\wms\vendor\codeigniter4\framework\system\View\View.php(232): CodeIgniter\View\View->CodeIgniter\View\{closure}()
#3 C:\xampp\htdocs\wms\vendor\codeigniter4\framework\system\Common.php(1271): CodeIgniter\View\View->render('stokView/edit', Array, true)
#4 C:\xampp\htdocs\wms\app\Controllers\Stok.php(78): view('stokView/edit', Array)
#5 C:\xampp\htdocs\wms\vendor\codeigniter4\framework\system\CodeIgniter.php(928): App\Controllers\Stok->edit('dist', 'img', 'user3-128x128.j...')
#6 C:\xampp\htdocs\wms\vendor\codeigniter4\framework\system\CodeIgniter.php(436): CodeIgniter\CodeIgniter->runController(Object(App\Controllers\Stok))
#7 C:\xampp\htdocs\wms\vendor\codeigniter4\framework\system\CodeIgniter.php(336): CodeIgniter\CodeIgniter->handleRequest(NULL, Object(Config\Cache), false)
#8 C:\xampp\htdocs\wms\public\index.php(37): CodeIgniter\CodeIgniter->run()
#9 {main}
CRITICAL - 2021-07-13 23:52:44 --> Call to undefined method App\Models\stokModel::editData
#0 C:\xampp\htdocs\wms\app\Controllers\Stok.php(110): CodeIgniter\Model->__call('editData', Array)
#1 C:\xampp\htdocs\wms\vendor\codeigniter4\framework\system\CodeIgniter.php(928): App\Controllers\Stok->update('4')
#2 C:\xampp\htdocs\wms\vendor\codeigniter4\framework\system\CodeIgniter.php(436): CodeIgniter\CodeIgniter->runController(Object(App\Controllers\Stok))
#3 C:\xampp\htdocs\wms\vendor\codeigniter4\framework\system\CodeIgniter.php(336): CodeIgniter\CodeIgniter->handleRequest(NULL, Object(Config\Cache), false)
#4 C:\xampp\htdocs\wms\public\index.php(37): CodeIgniter\CodeIgniter->run()
#5 {main}
CRITICAL - 2021-07-13 23:53:39 --> Trying to access array offset on value of type null
#0 C:\xampp\htdocs\wms\app\Views\stokView\edit.php(38): CodeIgniter\Debug\Exceptions->errorHandler(2, 'Trying to acces...', 'C:\\xampp\\htdocs...', 38)
#1 C:\xampp\htdocs\wms\vendor\codeigniter4\framework\system\View\View.php(230): include('C:\\xampp\\htdocs...')
#2 C:\xampp\htdocs\wms\vendor\codeigniter4\framework\system\View\View.php(232): CodeIgniter\View\View->CodeIgniter\View\{closure}()
#3 C:\xampp\htdocs\wms\vendor\codeigniter4\framework\system\Common.php(1271): CodeIgniter\View\View->render('stokView/edit', Array, true)
#4 C:\xampp\htdocs\wms\app\Controllers\Stok.php(78): view('stokView/edit', Array)
#5 C:\xampp\htdocs\wms\vendor\codeigniter4\framework\system\CodeIgniter.php(928): App\Controllers\Stok->edit('dist', 'img', 'user8-128x128.j...')
#6 C:\xampp\htdocs\wms\vendor\codeigniter4\framework\system\CodeIgniter.php(436): CodeIgniter\CodeIgniter->runController(Object(App\Controllers\Stok))
#7 C:\xampp\htdocs\wms\vendor\codeigniter4\framework\system\CodeIgniter.php(336): CodeIgniter\CodeIgniter->handleRequest(NULL, Object(Config\Cache), false)
#8 C:\xampp\htdocs\wms\public\index.php(37): CodeIgniter\CodeIgniter->run()
#9 {main}
CRITICAL - 2021-07-13 23:53:39 --> Trying to access array offset on value of type null
#0 C:\xampp\htdocs\wms\app\Views\stokView\edit.php(38): CodeIgniter\Debug\Exceptions->errorHandler(2, 'Trying to acces...', 'C:\\xampp\\htdocs...', 38)
#1 C:\xampp\htdocs\wms\vendor\codeigniter4\framework\system\View\View.php(230): include('C:\\xampp\\htdocs...')
#2 C:\xampp\htdocs\wms\vendor\codeigniter4\framework\system\View\View.php(232): CodeIgniter\View\View->CodeIgniter\View\{closure}()
#3 C:\xampp\htdocs\wms\vendor\codeigniter4\framework\system\Common.php(1271): CodeIgniter\View\View->render('stokView/edit', Array, true)
#4 C:\xampp\htdocs\wms\app\Controllers\Stok.php(78): view('stokView/edit', Array)
#5 C:\xampp\htdocs\wms\vendor\codeigniter4\framework\system\CodeIgniter.php(928): App\Controllers\Stok->edit('dist', 'img', 'user1-128x128.j...')
#6 C:\xampp\htdocs\wms\vendor\codeigniter4\framework\system\CodeIgniter.php(436): CodeIgniter\CodeIgniter->runController(Object(App\Controllers\Stok))
#7 C:\xampp\htdocs\wms\vendor\codeigniter4\framework\system\CodeIgniter.php(336): CodeIgniter\CodeIgniter->handleRequest(NULL, Object(Config\Cache), false)
#8 C:\xampp\htdocs\wms\public\index.php(37): CodeIgniter\CodeIgniter->run()
#9 {main}
CRITICAL - 2021-07-13 23:53:39 --> Trying to access array offset on value of type null
#0 C:\xampp\htdocs\wms\app\Views\stokView\edit.php(38): CodeIgniter\Debug\Exceptions->errorHandler(2, 'Trying to acces...', 'C:\\xampp\\htdocs...', 38)
#1 C:\xampp\htdocs\wms\vendor\codeigniter4\framework\system\View\View.php(230): include('C:\\xampp\\htdocs...')
#2 C:\xampp\htdocs\wms\vendor\codeigniter4\framework\system\View\View.php(232): CodeIgniter\View\View->CodeIgniter\View\{closure}()
#3 C:\xampp\htdocs\wms\vendor\codeigniter4\framework\system\Common.php(1271): CodeIgniter\View\View->render('stokView/edit', Array, true)
#4 C:\xampp\htdocs\wms\app\Controllers\Stok.php(78): view('stokView/edit', Array)
#5 C:\xampp\htdocs\wms\vendor\codeigniter4\framework\system\CodeIgniter.php(928): App\Controllers\Stok->edit('dist', 'img', 'user3-128x128.j...')
#6 C:\xampp\htdocs\wms\vendor\codeigniter4\framework\system\CodeIgniter.php(436): CodeIgniter\CodeIgniter->runController(Object(App\Controllers\Stok))
#7 C:\xampp\htdocs\wms\vendor\codeigniter4\framework\system\CodeIgniter.php(336): CodeIgniter\CodeIgniter->handleRequest(NULL, Object(Config\Cache), false)
#8 C:\xampp\htdocs\wms\public\index.php(37): CodeIgniter\CodeIgniter->run()
#9 {main}
CRITICAL - 2021-07-13 23:53:44 --> Trying to access array offset on value of type null
#0 C:\xampp\htdocs\wms\app\Views\stokView\edit.php(38): CodeIgniter\Debug\Exceptions->errorHandler(2, 'Trying to acces...', 'C:\\xampp\\htdocs...', 38)
#1 C:\xampp\htdocs\wms\vendor\codeigniter4\framework\system\View\View.php(230): include('C:\\xampp\\htdocs...')
#2 C:\xampp\htdocs\wms\vendor\codeigniter4\framework\system\View\View.php(232): CodeIgniter\View\View->CodeIgniter\View\{closure}()
#3 C:\xampp\htdocs\wms\vendor\codeigniter4\framework\system\Common.php(1271): CodeIgniter\View\View->render('stokView/edit', Array, true)
#4 C:\xampp\htdocs\wms\app\Controllers\Stok.php(78): view('stokView/edit', Array)
#5 C:\xampp\htdocs\wms\vendor\codeigniter4\framework\system\CodeIgniter.php(928): App\Controllers\Stok->edit('dist', 'img', 'user1-128x128.j...')
#6 C:\xampp\htdocs\wms\vendor\codeigniter4\framework\system\CodeIgniter.php(436): CodeIgniter\CodeIgniter->runController(Object(App\Controllers\Stok))
#7 C:\xampp\htdocs\wms\vendor\codeigniter4\framework\system\CodeIgniter.php(336): CodeIgniter\CodeIgniter->handleRequest(NULL, Object(Config\Cache), false)
#8 C:\xampp\htdocs\wms\public\index.php(37): CodeIgniter\CodeIgniter->run()
#9 {main}
CRITICAL - 2021-07-13 23:53:44 --> Trying to access array offset on value of type null
#0 C:\xampp\htdocs\wms\app\Views\stokView\edit.php(38): CodeIgniter\Debug\Exceptions->errorHandler(2, 'Trying to acces...', 'C:\\xampp\\htdocs...', 38)
#1 C:\xampp\htdocs\wms\vendor\codeigniter4\framework\system\View\View.php(230): include('C:\\xampp\\htdocs...')
#2 C:\xampp\htdocs\wms\vendor\codeigniter4\framework\system\View\View.php(232): CodeIgniter\View\View->CodeIgniter\View\{closure}()
#3 C:\xampp\htdocs\wms\vendor\codeigniter4\framework\system\Common.php(1271): CodeIgniter\View\View->render('stokView/edit', Array, true)
#4 C:\xampp\htdocs\wms\app\Controllers\Stok.php(78): view('stokView/edit', Array)
#5 C:\xampp\htdocs\wms\vendor\codeigniter4\framework\system\CodeIgniter.php(928): App\Controllers\Stok->edit('dist', 'img', 'user8-128x128.j...')
#6 C:\xampp\htdocs\wms\vendor\codeigniter4\framework\system\CodeIgniter.php(436): CodeIgniter\CodeIgniter->runController(Object(App\Controllers\Stok))
#7 C:\xampp\htdocs\wms\vendor\codeigniter4\framework\system\CodeIgniter.php(336): CodeIgniter\CodeIgniter->handleRequest(NULL, Object(Config\Cache), false)
#8 C:\xampp\htdocs\wms\public\index.php(37): CodeIgniter\CodeIgniter->run()
#9 {main}
CRITICAL - 2021-07-13 23:53:44 --> Trying to access array offset on value of type null
#0 C:\xampp\htdocs\wms\app\Views\stokView\edit.php(38): CodeIgniter\Debug\Exceptions->errorHandler(2, 'Trying to acces...', 'C:\\xampp\\htdocs...', 38)
#1 C:\xampp\htdocs\wms\vendor\codeigniter4\framework\system\View\View.php(230): include('C:\\xampp\\htdocs...')
#2 C:\xampp\htdocs\wms\vendor\codeigniter4\framework\system\View\View.php(232): CodeIgniter\View\View->CodeIgniter\View\{closure}()
#3 C:\xampp\htdocs\wms\vendor\codeigniter4\framework\system\Common.php(1271): CodeIgniter\View\View->render('stokView/edit', Array, true)
#4 C:\xampp\htdocs\wms\app\Controllers\Stok.php(78): view('stokView/edit', Array)
#5 C:\xampp\htdocs\wms\vendor\codeigniter4\framework\system\CodeIgniter.php(928): App\Controllers\Stok->edit('dist', 'img', 'user3-128x128.j...')
#6 C:\xampp\htdocs\wms\vendor\codeigniter4\framework\system\CodeIgniter.php(436): CodeIgniter\CodeIgniter->runController(Object(App\Controllers\Stok))
#7 C:\xampp\htdocs\wms\vendor\codeigniter4\framework\system\CodeIgniter.php(336): CodeIgniter\CodeIgniter->handleRequest(NULL, Object(Config\Cache), false)
#8 C:\xampp\htdocs\wms\public\index.php(37): CodeIgniter\CodeIgniter->run()
#9 {main}
CRITICAL - 2021-07-13 23:53:49 --> Call to undefined method App\Models\stokModel::editData
#0 C:\xampp\htdocs\wms\app\Controllers\Stok.php(110): CodeIgniter\Model->__call('editData', Array)
#1 C:\xampp\htdocs\wms\vendor\codeigniter4\framework\system\CodeIgniter.php(928): App\Controllers\Stok->update('4')
#2 C:\xampp\htdocs\wms\vendor\codeigniter4\framework\system\CodeIgniter.php(436): CodeIgniter\CodeIgniter->runController(Object(App\Controllers\Stok))
#3 C:\xampp\htdocs\wms\vendor\codeigniter4\framework\system\CodeIgniter.php(336): CodeIgniter\CodeIgniter->handleRequest(NULL, Object(Config\Cache), false)
#4 C:\xampp\htdocs\wms\public\index.php(37): CodeIgniter\CodeIgniter->run()
#5 {main}
CRITICAL - 2021-07-13 23:54:22 --> Trying to access array offset on value of type null
#0 C:\xampp\htdocs\wms\app\Views\stokView\edit.php(38): CodeIgniter\Debug\Exceptions->errorHandler(2, 'Trying to acces...', 'C:\\xampp\\htdocs...', 38)
#1 C:\xampp\htdocs\wms\vendor\codeigniter4\framework\system\View\View.php(230): include('C:\\xampp\\htdocs...')
#2 C:\xampp\htdocs\wms\vendor\codeigniter4\framework\system\View\View.php(232): CodeIgniter\View\View->CodeIgniter\View\{closure}()
#3 C:\xampp\htdocs\wms\vendor\codeigniter4\framework\system\Common.php(1271): CodeIgniter\View\View->render('stokView/edit', Array, true)
#4 C:\xampp\htdocs\wms\app\Controllers\Stok.php(78): view('stokView/edit', Array)
#5 C:\xampp\htdocs\wms\vendor\codeigniter4\framework\system\CodeIgniter.php(928): App\Controllers\Stok->edit('dist', 'img', 'user1-128x128.j...')
#6 C:\xampp\htdocs\wms\vendor\codeigniter4\framework\system\CodeIgniter.php(436): CodeIgniter\CodeIgniter->runController(Object(App\Controllers\Stok))
#7 C:\xampp\htdocs\wms\vendor\codeigniter4\framework\system\CodeIgniter.php(336): CodeIgniter\CodeIgniter->handleRequest(NULL, Object(Config\Cache), false)
#8 C:\xampp\htdocs\wms\public\index.php(37): CodeIgniter\CodeIgniter->run()
#9 {main}
CRITICAL - 2021-07-13 23:54:22 --> Trying to access array offset on value of type null
#0 C:\xampp\htdocs\wms\app\Views\stokView\edit.php(38): CodeIgniter\Debug\Exceptions->errorHandler(2, 'Trying to acces...', 'C:\\xampp\\htdocs...', 38)
#1 C:\xampp\htdocs\wms\vendor\codeigniter4\framework\system\View\View.php(230): include('C:\\xampp\\htdocs...')
#2 C:\xampp\htdocs\wms\vendor\codeigniter4\framework\system\View\View.php(232): CodeIgniter\View\View->CodeIgniter\View\{closure}()
#3 C:\xampp\htdocs\wms\vendor\codeigniter4\framework\system\Common.php(1271): CodeIgniter\View\View->render('stokView/edit', Array, true)
#4 C:\xampp\htdocs\wms\app\Controllers\Stok.php(78): view('stokView/edit', Array)
#5 C:\xampp\htdocs\wms\vendor\codeigniter4\framework\system\CodeIgniter.php(928): App\Controllers\Stok->edit('dist', 'img', 'user8-128x128.j...')
#6 C:\xampp\htdocs\wms\vendor\codeigniter4\framework\system\CodeIgniter.php(436): CodeIgniter\CodeIgniter->runController(Object(App\Controllers\Stok))
#7 C:\xampp\htdocs\wms\vendor\codeigniter4\framework\system\CodeIgniter.php(336): CodeIgniter\CodeIgniter->handleRequest(NULL, Object(Config\Cache), false)
#8 C:\xampp\htdocs\wms\public\index.php(37): CodeIgniter\CodeIgniter->run()
#9 {main}
CRITICAL - 2021-07-13 23:54:22 --> Trying to access array offset on value of type null
#0 C:\xampp\htdocs\wms\app\Views\stokView\edit.php(38): CodeIgniter\Debug\Exceptions->errorHandler(2, 'Trying to acces...', 'C:\\xampp\\htdocs...', 38)
#1 C:\xampp\htdocs\wms\vendor\codeigniter4\framework\system\View\View.php(230): include('C:\\xampp\\htdocs...')
#2 C:\xampp\htdocs\wms\vendor\codeigniter4\framework\system\View\View.php(232): CodeIgniter\View\View->CodeIgniter\View\{closure}()
#3 C:\xampp\htdocs\wms\vendor\codeigniter4\framework\system\Common.php(1271): CodeIgniter\View\View->render('stokView/edit', Array, true)
#4 C:\xampp\htdocs\wms\app\Controllers\Stok.php(78): view('stokView/edit', Array)
#5 C:\xampp\htdocs\wms\vendor\codeigniter4\framework\system\CodeIgniter.php(928): App\Controllers\Stok->edit('dist', 'img', 'user3-128x128.j...')
#6 C:\xampp\htdocs\wms\vendor\codeigniter4\framework\system\CodeIgniter.php(436): CodeIgniter\CodeIgniter->runController(Object(App\Controllers\Stok))
#7 C:\xampp\htdocs\wms\vendor\codeigniter4\framework\system\CodeIgniter.php(336): CodeIgniter\CodeIgniter->handleRequest(NULL, Object(Config\Cache), false)
#8 C:\xampp\htdocs\wms\public\index.php(37): CodeIgniter\CodeIgniter->run()
#9 {main}
CRITICAL - 2021-07-13 23:54:26 --> Trying to access array offset on value of type null
#0 C:\xampp\htdocs\wms\app\Views\stokView\edit.php(38): CodeIgniter\Debug\Exceptions->errorHandler(2, 'Trying to acces...', 'C:\\xampp\\htdocs...', 38)
#1 C:\xampp\htdocs\wms\vendor\codeigniter4\framework\system\View\View.php(230): include('C:\\xampp\\htdocs...')
#2 C:\xampp\htdocs\wms\vendor\codeigniter4\framework\system\View\View.php(232): CodeIgniter\View\View->CodeIgniter\View\{closure}()
#3 C:\xampp\htdocs\wms\vendor\codeigniter4\framework\system\Common.php(1271): CodeIgniter\View\View->render('stokView/edit', Array, true)
#4 C:\xampp\htdocs\wms\app\Controllers\Stok.php(78): view('stokView/edit', Array)
#5 C:\xampp\htdocs\wms\vendor\codeigniter4\framework\system\CodeIgniter.php(928): App\Controllers\Stok->edit('dist', 'img', 'user1-128x128.j...')
#6 C:\xampp\htdocs\wms\vendor\codeigniter4\framework\system\CodeIgniter.php(436): CodeIgniter\CodeIgniter->runController(Object(App\Controllers\Stok))
#7 C:\xampp\htdocs\wms\vendor\codeigniter4\framework\system\CodeIgniter.php(336): CodeIgniter\CodeIgniter->handleRequest(NULL, Object(Config\Cache), false)
#8 C:\xampp\htdocs\wms\public\index.php(37): CodeIgniter\CodeIgniter->run()
#9 {main}
CRITICAL - 2021-07-13 23:54:26 --> Trying to access array offset on value of type null
#0 C:\xampp\htdocs\wms\app\Views\stokView\edit.php(38): CodeIgniter\Debug\Exceptions->errorHandler(2, 'Trying to acces...', 'C:\\xampp\\htdocs...', 38)
#1 C:\xampp\htdocs\wms\vendor\codeigniter4\framework\system\View\View.php(230): include('C:\\xampp\\htdocs...')
#2 C:\xampp\htdocs\wms\vendor\codeigniter4\framework\system\View\View.php(232): CodeIgniter\View\View->CodeIgniter\View\{closure}()
#3 C:\xampp\htdocs\wms\vendor\codeigniter4\framework\system\Common.php(1271): CodeIgniter\View\View->render('stokView/edit', Array, true)
#4 C:\xampp\htdocs\wms\app\Controllers\Stok.php(78): view('stokView/edit', Array)
#5 C:\xampp\htdocs\wms\vendor\codeigniter4\framework\system\CodeIgniter.php(928): App\Controllers\Stok->edit('dist', 'img', 'user8-128x128.j...')
#6 C:\xampp\htdocs\wms\vendor\codeigniter4\framework\system\CodeIgniter.php(436): CodeIgniter\CodeIgniter->runController(Object(App\Controllers\Stok))
#7 C:\xampp\htdocs\wms\vendor\codeigniter4\framework\system\CodeIgniter.php(336): CodeIgniter\CodeIgniter->handleRequest(NULL, Object(Config\Cache), false)
#8 C:\xampp\htdocs\wms\public\index.php(37): CodeIgniter\CodeIgniter->run()
#9 {main}
CRITICAL - 2021-07-13 23:54:26 --> Trying to access array offset on value of type null
#0 C:\xampp\htdocs\wms\app\Views\stokView\edit.php(38): CodeIgniter\Debug\Exceptions->errorHandler(2, 'Trying to acces...', 'C:\\xampp\\htdocs...', 38)
#1 C:\xampp\htdocs\wms\vendor\codeigniter4\framework\system\View\View.php(230): include('C:\\xampp\\htdocs...')
#2 C:\xampp\htdocs\wms\vendor\codeigniter4\framework\system\View\View.php(232): CodeIgniter\View\View->CodeIgniter\View\{closure}()
#3 C:\xampp\htdocs\wms\vendor\codeigniter4\framework\system\Common.php(1271): CodeIgniter\View\View->render('stokView/edit', Array, true)
#4 C:\xampp\htdocs\wms\app\Controllers\Stok.php(78): view('stokView/edit', Array)
#5 C:\xampp\htdocs\wms\vendor\codeigniter4\framework\system\CodeIgniter.php(928): App\Controllers\Stok->edit('dist', 'img', 'user3-128x128.j...')
#6 C:\xampp\htdocs\wms\vendor\codeigniter4\framework\system\CodeIgniter.php(436): CodeIgniter\CodeIgniter->runController(Object(App\Controllers\Stok))
#7 C:\xampp\htdocs\wms\vendor\codeigniter4\framework\system\CodeIgniter.php(336): CodeIgniter\CodeIgniter->handleRequest(NULL, Object(Config\Cache), false)
#8 C:\xampp\htdocs\wms\public\index.php(37): CodeIgniter\CodeIgniter->run()
#9 {main}
