CRITICAL - 2021-07-15 00:45:10 --> Class "App\Models\akunModel" not found
#0 C:\xampp\htdocs\wms\vendor\codeigniter4\framework\system\CodeIgniter.php(900): App\Controllers\Users->__construct()
#1 C:\xampp\htdocs\wms\vendor\codeigniter4\framework\system\CodeIgniter.php(426): CodeIgniter\CodeIgniter->createController()
#2 C:\xampp\htdocs\wms\vendor\codeigniter4\framework\system\CodeIgniter.php(336): CodeIgniter\CodeIgniter->handleRequest(NULL, Object(Config\Cache), false)
#3 C:\xampp\htdocs\wms\public\index.php(37): CodeIgniter\CodeIgniter->run()
#4 {main}
CRITICAL - 2021-07-15 00:46:36 --> Undefined variable $title
#0 C:\xampp\htdocs\wms\app\Views\layout\template.php(7): CodeIgniter\Debug\Exceptions->errorHandler(2, 'Undefined varia...', 'C:\\xampp\\htdocs...', 7)
#1 C:\xampp\htdocs\wms\vendor\codeigniter4\framework\system\View\View.php(230): include('C:\\xampp\\htdocs...')
#2 C:\xampp\htdocs\wms\vendor\codeigniter4\framework\system\View\View.php(232): CodeIgniter\View\View->CodeIgniter\View\{closure}()
#3 C:\xampp\htdocs\wms\vendor\codeigniter4\framework\system\View\View.php(246): CodeIgniter\View\View->render('layout/template', Array, true)
#4 C:\xampp\htdocs\wms\vendor\codeigniter4\framework\system\Common.php(1271): CodeIgniter\View\View->render('userView/index', Array, true)
#5 C:\xampp\htdocs\wms\app\Controllers\Users.php(18): view('userView/index', Array)
#6 C:\xampp\htdocs\wms\vendor\codeigniter4\framework\system\CodeIgniter.php(928): App\Controllers\Users->index()
#7 C:\xampp\htdocs\wms\vendor\codeigniter4\framework\system\CodeIgniter.php(436): CodeIgniter\CodeIgniter->runController(Object(App\Controllers\Users))
#8 C:\xampp\htdocs\wms\vendor\codeigniter4\framework\system\CodeIgniter.php(336): CodeIgniter\CodeIgniter->handleRequest(NULL, Object(Config\Cache), false)
#9 C:\xampp\htdocs\wms\public\index.php(37): CodeIgniter\CodeIgniter->run()
#10 {main}
CRITICAL - 2021-07-15 00:50:45 --> Undefined variable $title
#0 C:\xampp\htdocs\wms\app\Views\layout\template.php(7): CodeIgniter\Debug\Exceptions->errorHandler(2, 'Undefined varia...', 'C:\\xampp\\htdocs...', 7)
#1 C:\xampp\htdocs\wms\vendor\codeigniter4\framework\system\View\View.php(230): include('C:\\xampp\\htdocs...')
#2 C:\xampp\htdocs\wms\vendor\codeigniter4\framework\system\View\View.php(232): CodeIgniter\View\View->CodeIgniter\View\{closure}()
#3 C:\xampp\htdocs\wms\vendor\codeigniter4\framework\system\View\View.php(246): CodeIgniter\View\View->render('layout/template', Array, true)
#4 C:\xampp\htdocs\wms\vendor\codeigniter4\framework\system\Common.php(1271): CodeIgniter\View\View->render('index', Array, true)
#5 C:\xampp\htdocs\wms\app\Controllers\Home.php(9): view('index')
#6 C:\xampp\htdocs\wms\vendor\codeigniter4\framework\system\CodeIgniter.php(928): App\Controllers\Home->index()
#7 C:\xampp\htdocs\wms\vendor\codeigniter4\framework\system\CodeIgniter.php(436): CodeIgniter\CodeIgniter->runController(Object(App\Controllers\Home))
#8 C:\xampp\htdocs\wms\vendor\codeigniter4\framework\system\CodeIgniter.php(336): CodeIgniter\CodeIgniter->handleRequest(NULL, Object(Config\Cache), false)
#9 C:\xampp\htdocs\wms\public\index.php(37): CodeIgniter\CodeIgniter->run()
#10 {main}
CRITICAL - 2021-07-15 02:47:37 --> Trying to access array offset on value of type null
#0 C:\xampp\htdocs\wms\app\Views\masukView\edit.php(38): CodeIgniter\Debug\Exceptions->errorHandler(2, 'Trying to acces...', 'C:\\xampp\\htdocs...', 38)
#1 C:\xampp\htdocs\wms\vendor\codeigniter4\framework\system\View\View.php(230): include('C:\\xampp\\htdocs...')
#2 C:\xampp\htdocs\wms\vendor\codeigniter4\framework\system\View\View.php(232): CodeIgniter\View\View->CodeIgniter\View\{closure}()
#3 C:\xampp\htdocs\wms\vendor\codeigniter4\framework\system\Common.php(1271): CodeIgniter\View\View->render('masukView/edit', Array, true)
#4 C:\xampp\htdocs\wms\app\Controllers\Masuk.php(124): view('masukView/edit', Array)
#5 C:\xampp\htdocs\wms\vendor\codeigniter4\framework\system\CodeIgniter.php(928): App\Controllers\Masuk->edit('dist', 'img', 'user1-128x128.j...')
#6 C:\xampp\htdocs\wms\vendor\codeigniter4\framework\system\CodeIgniter.php(436): CodeIgniter\CodeIgniter->runController(Object(App\Controllers\Masuk))
#7 C:\xampp\htdocs\wms\vendor\codeigniter4\framework\system\CodeIgniter.php(336): CodeIgniter\CodeIgniter->handleRequest(NULL, Object(Config\Cache), false)
#8 C:\xampp\htdocs\wms\public\index.php(37): CodeIgniter\CodeIgniter->run()
#9 {main}
CRITICAL - 2021-07-15 02:47:37 --> Trying to access array offset on value of type null
#0 C:\xampp\htdocs\wms\app\Views\masukView\edit.php(38): CodeIgniter\Debug\Exceptions->errorHandler(2, 'Trying to acces...', 'C:\\xampp\\htdocs...', 38)
#1 C:\xampp\htdocs\wms\vendor\codeigniter4\framework\system\View\View.php(230): include('C:\\xampp\\htdocs...')
#2 C:\xampp\htdocs\wms\vendor\codeigniter4\framework\system\View\View.php(232): CodeIgniter\View\View->CodeIgniter\View\{closure}()
#3 C:\xampp\htdocs\wms\vendor\codeigniter4\framework\system\Common.php(1271): CodeIgniter\View\View->render('masukView/edit', Array, true)
#4 C:\xampp\htdocs\wms\app\Controllers\Masuk.php(124): view('masukView/edit', Array)
#5 C:\xampp\htdocs\wms\vendor\codeigniter4\framework\system\CodeIgniter.php(928): App\Controllers\Masuk->edit('dist', 'img', 'user8-128x128.j...')
#6 C:\xampp\htdocs\wms\vendor\codeigniter4\framework\system\CodeIgniter.php(436): CodeIgniter\CodeIgniter->runController(Object(App\Controllers\Masuk))
#7 C:\xampp\htdocs\wms\vendor\codeigniter4\framework\system\CodeIgniter.php(336): CodeIgniter\CodeIgniter->handleRequest(NULL, Object(Config\Cache), false)
#8 C:\xampp\htdocs\wms\public\index.php(37): CodeIgniter\CodeIgniter->run()
#9 {main}
CRITICAL - 2021-07-15 02:47:37 --> Trying to access array offset on value of type null
#0 C:\xampp\htdocs\wms\app\Views\masukView\edit.php(38): CodeIgniter\Debug\Exceptions->errorHandler(2, 'Trying to acces...', 'C:\\xampp\\htdocs...', 38)
#1 C:\xampp\htdocs\wms\vendor\codeigniter4\framework\system\View\View.php(230): include('C:\\xampp\\htdocs...')
#2 C:\xampp\htdocs\wms\vendor\codeigniter4\framework\system\View\View.php(232): CodeIgniter\View\View->CodeIgniter\View\{closure}()
#3 C:\xampp\htdocs\wms\vendor\codeigniter4\framework\system\Common.php(1271): CodeIgniter\View\View->render('masukView/edit', Array, true)
#4 C:\xampp\htdocs\wms\app\Controllers\Masuk.php(124): view('masukView/edit', Array)
#5 C:\xampp\htdocs\wms\vendor\codeigniter4\framework\system\CodeIgniter.php(928): App\Controllers\Masuk->edit('dist', 'img', 'user3-128x128.j...')
#6 C:\xampp\htdocs\wms\vendor\codeigniter4\framework\system\CodeIgniter.php(436): CodeIgniter\CodeIgniter->runController(Object(App\Controllers\Masuk))
#7 C:\xampp\htdocs\wms\vendor\codeigniter4\framework\system\CodeIgniter.php(336): CodeIgniter\CodeIgniter->handleRequest(NULL, Object(Config\Cache), false)
#8 C:\xampp\htdocs\wms\public\index.php(37): CodeIgniter\CodeIgniter->run()
#9 {main}
CRITICAL - 2021-07-15 02:54:05 --> Trying to access array offset on value of type null
#0 C:\xampp\htdocs\wms\app\Controllers\Masuk.php(122): CodeIgniter\Debug\Exceptions->errorHandler(2, 'Trying to acces...', 'C:\\xampp\\htdocs...', 122)
#1 C:\xampp\htdocs\wms\vendor\codeigniter4\framework\system\CodeIgniter.php(928): App\Controllers\Masuk->edit('dist', 'img', 'user1-128x128.j...')
#2 C:\xampp\htdocs\wms\vendor\codeigniter4\framework\system\CodeIgniter.php(436): CodeIgniter\CodeIgniter->runController(Object(App\Controllers\Masuk))
#3 C:\xampp\htdocs\wms\vendor\codeigniter4\framework\system\CodeIgniter.php(336): CodeIgniter\CodeIgniter->handleRequest(NULL, Object(Config\Cache), false)
#4 C:\xampp\htdocs\wms\public\index.php(37): CodeIgniter\CodeIgniter->run()
#5 {main}
CRITICAL - 2021-07-15 02:54:05 --> Trying to access array offset on value of type null
#0 C:\xampp\htdocs\wms\app\Controllers\Masuk.php(122): CodeIgniter\Debug\Exceptions->errorHandler(2, 'Trying to acces...', 'C:\\xampp\\htdocs...', 122)
#1 C:\xampp\htdocs\wms\vendor\codeigniter4\framework\system\CodeIgniter.php(928): App\Controllers\Masuk->edit('dist', 'img', 'user8-128x128.j...')
#2 C:\xampp\htdocs\wms\vendor\codeigniter4\framework\system\CodeIgniter.php(436): CodeIgniter\CodeIgniter->runController(Object(App\Controllers\Masuk))
#3 C:\xampp\htdocs\wms\vendor\codeigniter4\framework\system\CodeIgniter.php(336): CodeIgniter\CodeIgniter->handleRequest(NULL, Object(Config\Cache), false)
#4 C:\xampp\htdocs\wms\public\index.php(37): CodeIgniter\CodeIgniter->run()
#5 {main}
CRITICAL - 2021-07-15 02:54:05 --> Trying to access array offset on value of type null
#0 C:\xampp\htdocs\wms\app\Controllers\Masuk.php(122): CodeIgniter\Debug\Exceptions->errorHandler(2, 'Trying to acces...', 'C:\\xampp\\htdocs...', 122)
#1 C:\xampp\htdocs\wms\vendor\codeigniter4\framework\system\CodeIgniter.php(928): App\Controllers\Masuk->edit('dist', 'img', 'user3-128x128.j...')
#2 C:\xampp\htdocs\wms\vendor\codeigniter4\framework\system\CodeIgniter.php(436): CodeIgniter\CodeIgniter->runController(Object(App\Controllers\Masuk))
#3 C:\xampp\htdocs\wms\vendor\codeigniter4\framework\system\CodeIgniter.php(336): CodeIgniter\CodeIgniter->handleRequest(NULL, Object(Config\Cache), false)
#4 C:\xampp\htdocs\wms\public\index.php(37): CodeIgniter\CodeIgniter->run()
#5 {main}
CRITICAL - 2021-07-15 02:56:19 --> Trying to access array offset on value of type null
#0 C:\xampp\htdocs\wms\app\Controllers\Masuk.php(122): CodeIgniter\Debug\Exceptions->errorHandler(2, 'Trying to acces...', 'C:\\xampp\\htdocs...', 122)
#1 C:\xampp\htdocs\wms\vendor\codeigniter4\framework\system\CodeIgniter.php(928): App\Controllers\Masuk->edit('dist', 'img', 'user1-128x128.j...')
#2 C:\xampp\htdocs\wms\vendor\codeigniter4\framework\system\CodeIgniter.php(436): CodeIgniter\CodeIgniter->runController(Object(App\Controllers\Masuk))
#3 C:\xampp\htdocs\wms\vendor\codeigniter4\framework\system\CodeIgniter.php(336): CodeIgniter\CodeIgniter->handleRequest(NULL, Object(Config\Cache), false)
#4 C:\xampp\htdocs\wms\public\index.php(37): CodeIgniter\CodeIgniter->run()
#5 {main}
CRITICAL - 2021-07-15 02:56:19 --> Trying to access array offset on value of type null
#0 C:\xampp\htdocs\wms\app\Controllers\Masuk.php(122): CodeIgniter\Debug\Exceptions->errorHandler(2, 'Trying to acces...', 'C:\\xampp\\htdocs...', 122)
#1 C:\xampp\htdocs\wms\vendor\codeigniter4\framework\system\CodeIgniter.php(928): App\Controllers\Masuk->edit('dist', 'img', 'user3-128x128.j...')
#2 C:\xampp\htdocs\wms\vendor\codeigniter4\framework\system\CodeIgniter.php(436): CodeIgniter\CodeIgniter->runController(Object(App\Controllers\Masuk))
#3 C:\xampp\htdocs\wms\vendor\codeigniter4\framework\system\CodeIgniter.php(336): CodeIgniter\CodeIgniter->handleRequest(NULL, Object(Config\Cache), false)
#4 C:\xampp\htdocs\wms\public\index.php(37): CodeIgniter\CodeIgniter->run()
#5 {main}
CRITICAL - 2021-07-15 02:56:19 --> Trying to access array offset on value of type null
#0 C:\xampp\htdocs\wms\app\Controllers\Masuk.php(122): CodeIgniter\Debug\Exceptions->errorHandler(2, 'Trying to acces...', 'C:\\xampp\\htdocs...', 122)
#1 C:\xampp\htdocs\wms\vendor\codeigniter4\framework\system\CodeIgniter.php(928): App\Controllers\Masuk->edit('dist', 'img', 'user8-128x128.j...')
#2 C:\xampp\htdocs\wms\vendor\codeigniter4\framework\system\CodeIgniter.php(436): CodeIgniter\CodeIgniter->runController(Object(App\Controllers\Masuk))
#3 C:\xampp\htdocs\wms\vendor\codeigniter4\framework\system\CodeIgniter.php(336): CodeIgniter\CodeIgniter->handleRequest(NULL, Object(Config\Cache), false)
#4 C:\xampp\htdocs\wms\public\index.php(37): CodeIgniter\CodeIgniter->run()
#5 {main}
CRITICAL - 2021-07-15 02:56:23 --> Trying to access array offset on value of type null
#0 C:\xampp\htdocs\wms\app\Controllers\Masuk.php(122): CodeIgniter\Debug\Exceptions->errorHandler(2, 'Trying to acces...', 'C:\\xampp\\htdocs...', 122)
#1 C:\xampp\htdocs\wms\vendor\codeigniter4\framework\system\CodeIgniter.php(928): App\Controllers\Masuk->edit('dist', 'img', 'user1-128x128.j...')
#2 C:\xampp\htdocs\wms\vendor\codeigniter4\framework\system\CodeIgniter.php(436): CodeIgniter\CodeIgniter->runController(Object(App\Controllers\Masuk))
#3 C:\xampp\htdocs\wms\vendor\codeigniter4\framework\system\CodeIgniter.php(336): CodeIgniter\CodeIgniter->handleRequest(NULL, Object(Config\Cache), false)
#4 C:\xampp\htdocs\wms\public\index.php(37): CodeIgniter\CodeIgniter->run()
#5 {main}
CRITICAL - 2021-07-15 02:56:23 --> Trying to access array offset on value of type null
#0 C:\xampp\htdocs\wms\app\Controllers\Masuk.php(122): CodeIgniter\Debug\Exceptions->errorHandler(2, 'Trying to acces...', 'C:\\xampp\\htdocs...', 122)
#1 C:\xampp\htdocs\wms\vendor\codeigniter4\framework\system\CodeIgniter.php(928): App\Controllers\Masuk->edit('dist', 'img', 'user8-128x128.j...')
#2 C:\xampp\htdocs\wms\vendor\codeigniter4\framework\system\CodeIgniter.php(436): CodeIgniter\CodeIgniter->runController(Object(App\Controllers\Masuk))
#3 C:\xampp\htdocs\wms\vendor\codeigniter4\framework\system\CodeIgniter.php(336): CodeIgniter\CodeIgniter->handleRequest(NULL, Object(Config\Cache), false)
#4 C:\xampp\htdocs\wms\public\index.php(37): CodeIgniter\CodeIgniter->run()
#5 {main}
CRITICAL - 2021-07-15 02:56:23 --> Trying to access array offset on value of type null
#0 C:\xampp\htdocs\wms\app\Controllers\Masuk.php(122): CodeIgniter\Debug\Exceptions->errorHandler(2, 'Trying to acces...', 'C:\\xampp\\htdocs...', 122)
#1 C:\xampp\htdocs\wms\vendor\codeigniter4\framework\system\CodeIgniter.php(928): App\Controllers\Masuk->edit('dist', 'img', 'user3-128x128.j...')
#2 C:\xampp\htdocs\wms\vendor\codeigniter4\framework\system\CodeIgniter.php(436): CodeIgniter\CodeIgniter->runController(Object(App\Controllers\Masuk))
#3 C:\xampp\htdocs\wms\vendor\codeigniter4\framework\system\CodeIgniter.php(336): CodeIgniter\CodeIgniter->handleRequest(NULL, Object(Config\Cache), false)
#4 C:\xampp\htdocs\wms\public\index.php(37): CodeIgniter\CodeIgniter->run()
#5 {main}
CRITICAL - 2021-07-15 02:56:25 --> Trying to access array offset on value of type null
#0 C:\xampp\htdocs\wms\app\Controllers\Masuk.php(122): CodeIgniter\Debug\Exceptions->errorHandler(2, 'Trying to acces...', 'C:\\xampp\\htdocs...', 122)
#1 C:\xampp\htdocs\wms\vendor\codeigniter4\framework\system\CodeIgniter.php(928): App\Controllers\Masuk->edit('dist', 'img', 'user1-128x128.j...')
#2 C:\xampp\htdocs\wms\vendor\codeigniter4\framework\system\CodeIgniter.php(436): CodeIgniter\CodeIgniter->runController(Object(App\Controllers\Masuk))
#3 C:\xampp\htdocs\wms\vendor\codeigniter4\framework\system\CodeIgniter.php(336): CodeIgniter\CodeIgniter->handleRequest(NULL, Object(Config\Cache), false)
#4 C:\xampp\htdocs\wms\public\index.php(37): CodeIgniter\CodeIgniter->run()
#5 {main}
CRITICAL - 2021-07-15 02:56:26 --> Trying to access array offset on value of type null
#0 C:\xampp\htdocs\wms\app\Controllers\Masuk.php(122): CodeIgniter\Debug\Exceptions->errorHandler(2, 'Trying to acces...', 'C:\\xampp\\htdocs...', 122)
#1 C:\xampp\htdocs\wms\vendor\codeigniter4\framework\system\CodeIgniter.php(928): App\Controllers\Masuk->edit('dist', 'img', 'user8-128x128.j...')
#2 C:\xampp\htdocs\wms\vendor\codeigniter4\framework\system\CodeIgniter.php(436): CodeIgniter\CodeIgniter->runController(Object(App\Controllers\Masuk))
#3 C:\xampp\htdocs\wms\vendor\codeigniter4\framework\system\CodeIgniter.php(336): CodeIgniter\CodeIgniter->handleRequest(NULL, Object(Config\Cache), false)
#4 C:\xampp\htdocs\wms\public\index.php(37): CodeIgniter\CodeIgniter->run()
#5 {main}
CRITICAL - 2021-07-15 02:56:26 --> Trying to access array offset on value of type null
#0 C:\xampp\htdocs\wms\app\Controllers\Masuk.php(122): CodeIgniter\Debug\Exceptions->errorHandler(2, 'Trying to acces...', 'C:\\xampp\\htdocs...', 122)
#1 C:\xampp\htdocs\wms\vendor\codeigniter4\framework\system\CodeIgniter.php(928): App\Controllers\Masuk->edit('dist', 'img', 'user3-128x128.j...')
#2 C:\xampp\htdocs\wms\vendor\codeigniter4\framework\system\CodeIgniter.php(436): CodeIgniter\CodeIgniter->runController(Object(App\Controllers\Masuk))
#3 C:\xampp\htdocs\wms\vendor\codeigniter4\framework\system\CodeIgniter.php(336): CodeIgniter\CodeIgniter->handleRequest(NULL, Object(Config\Cache), false)
#4 C:\xampp\htdocs\wms\public\index.php(37): CodeIgniter\CodeIgniter->run()
#5 {main}
CRITICAL - 2021-07-15 02:58:54 --> Trying to access array offset on value of type null
#0 C:\xampp\htdocs\wms\app\Controllers\Keluar.php(132): CodeIgniter\Debug\Exceptions->errorHandler(2, 'Trying to acces...', 'C:\\xampp\\htdocs...', 132)
#1 C:\xampp\htdocs\wms\vendor\codeigniter4\framework\system\CodeIgniter.php(928): App\Controllers\Keluar->edit('dist', 'img', 'user1-128x128.j...')
#2 C:\xampp\htdocs\wms\vendor\codeigniter4\framework\system\CodeIgniter.php(436): CodeIgniter\CodeIgniter->runController(Object(App\Controllers\Keluar))
#3 C:\xampp\htdocs\wms\vendor\codeigniter4\framework\system\CodeIgniter.php(336): CodeIgniter\CodeIgniter->handleRequest(NULL, Object(Config\Cache), false)
#4 C:\xampp\htdocs\wms\public\index.php(37): CodeIgniter\CodeIgniter->run()
#5 {main}
CRITICAL - 2021-07-15 02:58:54 --> Trying to access array offset on value of type null
#0 C:\xampp\htdocs\wms\app\Controllers\Keluar.php(132): CodeIgniter\Debug\Exceptions->errorHandler(2, 'Trying to acces...', 'C:\\xampp\\htdocs...', 132)
#1 C:\xampp\htdocs\wms\vendor\codeigniter4\framework\system\CodeIgniter.php(928): App\Controllers\Keluar->edit('dist', 'img', 'user8-128x128.j...')
#2 C:\xampp\htdocs\wms\vendor\codeigniter4\framework\system\CodeIgniter.php(436): CodeIgniter\CodeIgniter->runController(Object(App\Controllers\Keluar))
#3 C:\xampp\htdocs\wms\vendor\codeigniter4\framework\system\CodeIgniter.php(336): CodeIgniter\CodeIgniter->handleRequest(NULL, Object(Config\Cache), false)
#4 C:\xampp\htdocs\wms\public\index.php(37): CodeIgniter\CodeIgniter->run()
#5 {main}
CRITICAL - 2021-07-15 02:58:54 --> Trying to access array offset on value of type null
#0 C:\xampp\htdocs\wms\app\Controllers\Keluar.php(132): CodeIgniter\Debug\Exceptions->errorHandler(2, 'Trying to acces...', 'C:\\xampp\\htdocs...', 132)
#1 C:\xampp\htdocs\wms\vendor\codeigniter4\framework\system\CodeIgniter.php(928): App\Controllers\Keluar->edit('dist', 'img', 'user3-128x128.j...')
#2 C:\xampp\htdocs\wms\vendor\codeigniter4\framework\system\CodeIgniter.php(436): CodeIgniter\CodeIgniter->runController(Object(App\Controllers\Keluar))
#3 C:\xampp\htdocs\wms\vendor\codeigniter4\framework\system\CodeIgniter.php(336): CodeIgniter\CodeIgniter->handleRequest(NULL, Object(Config\Cache), false)
#4 C:\xampp\htdocs\wms\public\index.php(37): CodeIgniter\CodeIgniter->run()
#5 {main}
CRITICAL - 2021-07-15 02:59:12 --> Trying to access array offset on value of type null
#0 C:\xampp\htdocs\wms\app\Controllers\Keluar.php(132): CodeIgniter\Debug\Exceptions->errorHandler(2, 'Trying to acces...', 'C:\\xampp\\htdocs...', 132)
#1 C:\xampp\htdocs\wms\vendor\codeigniter4\framework\system\CodeIgniter.php(928): App\Controllers\Keluar->edit('dist', 'img', 'user1-128x128.j...')
#2 C:\xampp\htdocs\wms\vendor\codeigniter4\framework\system\CodeIgniter.php(436): CodeIgniter\CodeIgniter->runController(Object(App\Controllers\Keluar))
#3 C:\xampp\htdocs\wms\vendor\codeigniter4\framework\system\CodeIgniter.php(336): CodeIgniter\CodeIgniter->handleRequest(NULL, Object(Config\Cache), false)
#4 C:\xampp\htdocs\wms\public\index.php(37): CodeIgniter\CodeIgniter->run()
#5 {main}
CRITICAL - 2021-07-15 02:59:12 --> Trying to access array offset on value of type null
#0 C:\xampp\htdocs\wms\app\Controllers\Keluar.php(132): CodeIgniter\Debug\Exceptions->errorHandler(2, 'Trying to acces...', 'C:\\xampp\\htdocs...', 132)
#1 C:\xampp\htdocs\wms\vendor\codeigniter4\framework\system\CodeIgniter.php(928): App\Controllers\Keluar->edit('dist', 'img', 'user8-128x128.j...')
#2 C:\xampp\htdocs\wms\vendor\codeigniter4\framework\system\CodeIgniter.php(436): CodeIgniter\CodeIgniter->runController(Object(App\Controllers\Keluar))
#3 C:\xampp\htdocs\wms\vendor\codeigniter4\framework\system\CodeIgniter.php(336): CodeIgniter\CodeIgniter->handleRequest(NULL, Object(Config\Cache), false)
#4 C:\xampp\htdocs\wms\public\index.php(37): CodeIgniter\CodeIgniter->run()
#5 {main}
CRITICAL - 2021-07-15 02:59:12 --> Trying to access array offset on value of type null
#0 C:\xampp\htdocs\wms\app\Controllers\Keluar.php(132): CodeIgniter\Debug\Exceptions->errorHandler(2, 'Trying to acces...', 'C:\\xampp\\htdocs...', 132)
#1 C:\xampp\htdocs\wms\vendor\codeigniter4\framework\system\CodeIgniter.php(928): App\Controllers\Keluar->edit('dist', 'img', 'user3-128x128.j...')
#2 C:\xampp\htdocs\wms\vendor\codeigniter4\framework\system\CodeIgniter.php(436): CodeIgniter\CodeIgniter->runController(Object(App\Controllers\Keluar))
#3 C:\xampp\htdocs\wms\vendor\codeigniter4\framework\system\CodeIgniter.php(336): CodeIgniter\CodeIgniter->handleRequest(NULL, Object(Config\Cache), false)
#4 C:\xampp\htdocs\wms\public\index.php(37): CodeIgniter\CodeIgniter->run()
#5 {main}
